Connecting to Bratzelwurst
.
WiFi connected.
Sunday, November 20 2022 22:08:59
Time was read from PTB...
WiFi disconnected.
Testlauf
Setup fertig...
Reading THR running on core 0
21724 µs
Reading Time running on core 0
Reading THR running on core 0
21828 µs
Reading Time running on core 0
Reading THR running on core 0
21859 µs
Reading Time running on core 0
Reading THR running on core 0
21812 µs
Reading Time running on core 0
Reading THR running on core 0
21860 µs
Reading Time running on core 0
Reading THR running on core 0
21859 µs
Reading Time running on core 0
Reading THR running on core 0
21859 µs
Reading Time running on core 0
Reading THR running on core 0
21862 µs
Reading Time running on core 0
Connecting to Bratzelwurst
.
WiFi connected.
Sunday, November 20 2022 22:10:23
Time was read from PTB...
WiFi disconnected.
Touch Value 0
Sommerzeit : 3600
Reading THR running on core 0
21615 µs
Reading Time running on core 0
Reading THR running on core 0
21855 µs
Reading Time running on core 0
Reading THR running on core 0
21766 µs
Reading Time running on core 0
Reading THR running on core 0
21768 µs
Reading Time running on core 0
Reading THR running on core 0
21767 µs
Reading Time running on core 0
Reading THR running on core 0
21768 µs
Reading Time running on core 0
Reading THR running on core 0
21767 µs
Reading Time running on core 0
Reading THR running on core 0
21767 µs
Reading Time running on core 0
Reading THR running on core 0
21768 µs
Reading Time running on core 0
Reading THR running on core 0
21767 µs
Reading Time running on core 0
Reading THR running on core 0
21767 µs
Reading Time running on core 0
Reading THR running on core 0
21767 µs
Reading Time running on core 0
Reading THR running on core 0
21767 µs
Reading Time running on core 0
Reading THR running on core 0
21769 µs
Reading Time running on core 0
Reading THR running on core 0
21767 µs
Reading Time running on core 0
Reading THR running on core 0
21767 µs
Reading Time running on core 0
Reading THR running on core 0
21767 µs
Reading Time running on core 0
Reading THR running on core 0
21768 µs
Reading Time running on core 0
Reading THR running on core 0
21705 µs
Reading Time running on core 0
Reading THR running on core 0
21767 µs
Reading Time running on core 0
Reading THR running on core 0
21792 µs
Reading Time running on core 0
Reading THR running on core 0
21814 µs
Reading Time running on core 0
Reading THR running on core 0
21767 µs
Reading Time running on core 0
Reading THR running on core 0
21768 µs
Reading Time running on core 0
Reading THR running on core 0
21814 µs
Reading Time running on core 0
Reading THR running on core 0
21767 µs
Reading Time running on core 0
Reading THR running on core 0
21814 µs
Reading Time running on core 0
Reading THR running on core 0
21814 µs
Reading Time running on core 0
Reading THR running on core 0
21815 µs
Reading Time running on core 0
Reading THR running on core 0
21767 µs
Reading Time running on core 0
Reading THR running on core 0
21814 µs
Reading Time running on core 0
Reading THR running on core 0
21767 µs
Reading Time running on core 0
Reading THR running on core 0
21768 µs
Reading Time running on core 0
Reading THR running on core 0
21769 µs
Reading Time running on core 0
Reading THR running on core 0
21768 µs
Reading Time running on core 0
Reading THR running on core 0
21767 µs
Reading Time running on core 0
Reading THR running on core 0
21768 µs
Reading Time running on core 0
Reading THR running on core 0
21748 µs
Reading Time running on core 0
Reading THR running on core 0
21768 µs
Reading Time running on core 0
Reading THR running on core 0
21771 µs
Reading Time running on core 0
Reading THR running on core 0
21768 µs
Reading Time running on core 0
Reading THR running on core 0
21767 µs
Reading Time running on core 0
Reading THR running on core 0
21768 µs
Reading Time running on core 0
Reading THR running on core 0
21769 µs
Reading Time running on core 0
Reading THR running on core 0
21768 µs
Reading Time running on core 0
Reading THR running on core 0
21768 µs
Reading Time running on core 0
Reading THR running on core 0
21768 µs
Reading Time running on core 0
Reading THR running on core 0
21767 µs
Reading Time running on core 0
Reading THR running on core 0
21676 µs
Reading Time running on core 0
Reading THR running on core 0
21813 µs
Reading Time running on core 0
Reading THR running on core 0
21814 µs
Reading Time running on core 0
Reading THR running on core 0
21814 µs
Reading Time running on core 0
Reading THR running on core 0
21814 µs
Reading Time running on core 0
Reading THR running on core 0
21815 µs
Reading Time running on core 0
Reading THR running on core 0
21814 µs
Reading Time running on core 0
Reading THR running on core 0
21768 µs
Reading Time running on core 0
Reading THR running on core 0
21772 µs
Reading Time running on core 0
Reading THR running on core 0
21767 µs
Reading Time running on core 0
Reading THR running on core 0
21819 µs
Reading Time running on core 0
Reading THR running on core 0
21813 µs
Reading Time running on core 0
Reading THR running on core 0
21814 µs
Reading Time running on core 0
Reading THR running on core 0
21814 µs
Reading Time running on core 0
Reading THR running on core 0
21815 µs
Reading Time running on core 0
Reading THR running on core 0
21814 µs
Reading Time running on core 0
Reading THR running on core 0
21767 µs
Reading Time running on core 0
Reading THR running on core 0
21675 µs
Reading Time running on core 0
Reading THR running on core 0
21674 µs
Reading Time running on core 0
Reading THR running on core 0
21675 µs
Reading Time running on core 0
Reading THR running on core 0
21674 µs
Reading Time running on core 0
Reading THR running on core 0
21675 µs
Reading Time running on core 0
Reading THR running on core 0
21675 µs
Reading Time running on core 0
Reading THR running on core 0
21674 µs
Reading Time running on core 0
Reading THR running on core 0
21675 µs
Reading Time running on core 0
Reading THR running on core 0
21674 µs
Reading Time running on core 0
Reading THR running on core 0
21675 µs
Reading Time running on core 0
Reading THR running on core 0
21678 µs
Reading Time running on core 0
Reading THR running on core 0
21674 µs
Reading Time running on core 0
Reading THR running on core 0
21775 µs
Reading Time running on core 0
Reading THR running on core 0
21675 µs
Reading Time running on core 0
Reading THR running on core 0
21675 µs
Reading Time running on core 0
Reading THR running on core 0
21674 µs
Reading Time running on core 0
Reading THR running on core 0
21675 µs
Reading Time running on core 0
Reading THR running on core 0
21675 µs
Reading Time running on core 0
Reading THR running on core 0
21675 µs
Reading Time running on core 0
Reading THR running on core 0
21766 µs
Reading Time running on core 0
Reading THR running on core 0
21676 µs
Reading Time running on core 0
Reading THR running on core 0
21675 µs
Reading Time running on core 0
Reading THR running on core 0
21675 µs
Reading Time running on core 0
Reading THR running on core 0
21674 µs
Reading Time running on core 0
Reading THR running on core 0
21674 µs
Reading Time running on core 0
Reading THR running on core 0
21675 µs
Reading Time running on core 0
Reading THR running on core 0
21674 µs
Reading Time running on core 0
Reading THR running on core 0
21674 µs
Reading Time running on core 0
Reading THR running on core 0
21767 µs
Reading Time running on core 0
Reading THR running on core 0
21771 µs
Reading Time running on core 0
Reading THR running on core 0
21675 µs
Reading Time running on core 0
Reading THR running on core 0
21876 µs
Reading Time running on core 0
Reading THR running on core 0
21766 µs
Reading Time running on core 0
Reading THR running on core 0
21675 µs
Reading Time running on core 0
Reading THR running on core 0
21767 µs
Reading Time running on core 0
Reading THR running on core 0
21675 µs
Reading Time running on core 0
Reading THR running on core 0
21766 µs
Reading Time running on core 0
Reading THR running on core 0
21768 µs
Reading Time running on core 0
Reading THR running on core 0
21768 µs
Reading Time running on core 0
Reading THR running on core 0
21768 µs
Reading Time running on core 0
Reading THR running on core 0
21675 µs
Reading Time running on core 0
Reading THR running on core 0
21675 µs
Reading Time running on core 0
Reading THR running on core 0
21674 µs
Reading Time running on core 0
Reading THR running on core 0
21767 µs
Reading Time running on core 0
Reading THR running on core 0
21675 µs
Reading Time running on core 0
Reading THR running on core 0
21767 µs
Reading Time running on core 0
Reading THR running on core 0
21767 µs
Reading Time running on core 0
Reading THR running on core 0
21768 µs
Reading Time running on core 0
Reading THR running on core 0
21772 µs
Reading Time running on core 0
Reading THR running on core 0
21768 µs
Reading Time running on core 0
Reading THR running on core 0
21792 µs
Reading Time running on core 0
Reading THR running on core 0
21768 µs
Reading Time running on core 0
Reading THR running on core 0
21675 µs
Reading Time running on core 0
Reading THR running on core 0
21768 µs
Reading Time running on core 0
Reading THR running on core 0
21768 µs
Reading Time running on core 0
Reading THR running on core 0
21676 µs
Reading Time running on core 0
Reading THR running on core 0
21767 µs
Reading Time running on core 0
Reading THR running on core 0
21768 µs
Reading Time running on core 0
Reading THR running on core 0
21675 µs
Reading Time running on core 0
Reading THR running on core 0
21767 µs
Reading Time running on core 0
Reading THR running on core 0
21676 µs
Reading Time running on core 0
Reading THR running on core 0
21766 µs
Reading Time running on core 0
Reading THR running on core 0
21768 µs
Reading Time running on core 0
Reading THR running on core 0
21814 µs
Reading Time running on core 0
Reading THR running on core 0
21814 µs
Reading Time running on core 0
Reading THR running on core 0
21814 µs
Reading Time running on core 0
Reading THR running on core 0
21815 µs
Reading Time running on core 0
Reading THR running on core 0
21818 µs
Reading Time running on core 0
Reading THR running on core 0
21813 µs
Reading Time running on core 0
Reading THR running on core 0
21772 µs
Reading Time running on core 0
Reading THR running on core 0
21814 µs
Reading Time running on core 0
Reading THR running on core 0
21911 µs
Reading Time running on core 0
Reading THR running on core 0
21766 µs
Reading Time running on core 0
Reading THR running on core 0
21815 µs
Reading Time running on core 0
Reading THR running on core 0
21726 µs
Reading Time running on core 0
Reading THR running on core 0
21768 µs
Reading Time running on core 0
Reading THR running on core 0
21768 µs
Reading Time running on core 0
Reading THR running on core 0
21677 µs
Reading Time running on core 0
Reading THR running on core 0
21814 µs
Reading Time running on core 0
Reading THR running on core 0
21814 µs
Reading Time running on core 0
Reading THR running on core 0
21815 µs
Reading Time running on core 0
Reading THR running on core 0
21675 µs
Reading Time running on core 0
Reading THR running on core 0
21725 µs
Reading Time running on core 0
Reading THR running on core 0
21727 µs
Reading Time running on core 0
Reading THR running on core 0
21769 µs
Reading Time running on core 0
Reading THR running on core 0
21768 µs
Reading Time running on core 0
Reading THR running on core 0
21728 µs
Reading Time running on core 0
Reading THR running on core 0
21769 µs
Reading Time running on core 0
Reading THR running on core 0
21773 µs
Reading Time running on core 0
Reading THR running on core 0
21769 µs
Reading Time running on core 0
Reading THR running on core 0
21726 µs
Reading Time running on core 0
Reading THR running on core 0
21727 µs
Reading Time running on core 0
Reading THR running on core 0
21769 µs
Reading Time running on core 0
Reading THR running on core 0
21727 µs
Reading Time running on core 0
Reading THR running on core 0
21630 µs
Reading Time running on core 0
Reading THR running on core 0
21727 µs
Reading Time running on core 0
Reading THR running on core 0
21727 µs
Reading Time running on core 0
Reading THR running on core 0
21727 µs
Reading Time running on core 0
Reading THR running on core 0
21729 µs
Reading Time running on core 0
Reading THR running on core 0
21726 µs
Reading Time running on core 0
Reading THR running on core 0
21727 µs
Reading Time running on core 0
Reading THR running on core 0
21727 µs
Reading Time running on core 0
Reading THR running on core 0
21727 µs
Reading Time running on core 0
Reading THR running on core 0
21729 µs
Reading Time running on core 0
Reading THR running on core 0
21729 µs
Reading Time running on core 0
Reading THR running on core 0
21727 µs
Reading Time running on core 0
Reading THR running on core 0
21729 µs
Reading Time running on core 0
Reading THR running on core 0
21728 µs
Reading Time running on core 0
Reading THR running on core 0
21727 µs
Reading Time running on core 0
Reading THR running on core 0
21727 µs
Reading Time running on core 0
Reading THR running on core 0
21727 µs
Reading Time running on core 0
Reading THR running on core 0
21729 µs
Reading Time running on core 0
Reading THR running on core 0
21727 µs
Reading Time running on core 0
Reading THR running on core 0
21729 µs
Reading Time running on core 0
Reading THR running on core 0
21726 µs
Reading Time running on core 0
Reading THR running on core 0
21726 µs
Reading Time running on core 0
Reading THR running on core 0
21726 µs
Reading Time running on core 0
Reading THR running on core 0
21726 µs
Reading Time running on core 0
Reading THR running on core 0
21726 µs
Reading Time running on core 0
Reading THR running on core 0
21769 µs
Reading Time running on core 0
Reading THR running on core 0
21729 µs
Reading Time running on core 0
Reading THR running on core 0
21769 µs
Reading Time running on core 0
Reading THR running on core 0
21769 µs
Reading Time running on core 0
Reading THR running on core 0
21726 µs
Reading Time running on core 0
Reading THR running on core 0
21727 µs
Reading Time running on core 0
Reading THR running on core 0
21768 µs
Reading Time running on core 0
Reading THR running on core 0
21773 µs
Reading Time running on core 0
Reading THR running on core 0
21768 µs
Reading Time running on core 0
Reading THR running on core 0
21768 µs
Reading Time running on core 0
Reading THR running on core 0
21767 µs
Reading Time running on core 0
Reading THR running on core 0
21768 µs
Reading Time running on core 0
Reading THR running on core 0
21768 µs
Reading Time running on core 0
Reading THR running on core 0
21675 µs
Reading Time running on core 0
Reading THR running on core 0
21767 µs
Reading Time running on core 0
Reading THR running on core 0
21677 µs
Reading Time running on core 0
Reading THR running on core 0
21769 µs
Reading Time running on core 0
Reading THR running on core 0
21675 µs
Reading Time running on core 0
Reading THR running on core 0
21767 µs
Reading Time running on core 0
Reading THR running on core 0
21676 µs
Reading Time running on core 0
Reading THR running on core 0
21767 µs
Reading Time running on core 0
Reading THR running on core 0
21769 µs
Reading Time running on core 0
Reading THR running on core 0
21769 µs
Reading Time running on core 0
Reading THR running on core 0
21768 µs
Reading Time running on core 0
Reading THR running on core 0
21769 µs
Reading Time running on core 0
Reading THR running on core 0
21676 µs
Reading Time running on core 0
Reading THR running on core 0
21891 µs
Reading Time running on core 0
Reading THR running on core 0
21768 µs
Reading Time running on core 0
Reading THR running on core 0
21768 µs
Reading Time running on core 0
Reading THR running on core 0
21676 µs
Reading Time running on core 0
Reading THR running on core 0
21767 µs
Reading Time running on core 0
Reading THR running on core 0
21767 µs
Reading Time running on core 0
Reading THR running on core 0
21726 µs
Reading Time running on core 0
Reading THR running on core 0
21726 µs
Reading Time running on core 0
Reading THR running on core 0
21726 µs
Reading Time running on core 0
Reading THR running on core 0
21726 µs
Reading Time running on core 0
Reading THR running on core 0
21726 µs
Reading Time running on core 0
Reading THR running on core 0
21726 µs
Reading Time running on core 0
Reading THR running on core 0
21729 µs
Reading Time running on core 0
Reading THR running on core 0
21727 µs
Reading Time running on core 0
Reading THR running on core 0
21727 µs
Reading Time running on core 0
Reading THR running on core 0
21727 µs
Reading Time running on core 0
Reading THR running on core 0
21768 µs
Reading Time running on core 0
Reading THR running on core 0
21726 µs
Reading Time running on core 0
Reading THR running on core 0
21768 µs
Reading Time running on core 0
Reading THR running on core 0
21728 µs
Reading Time running on core 0
Reading THR running on core 0
21726 µs
Reading Time running on core 0
Reading THR running on core 0
21726 µs
Reading Time running on core 0
Reading THR running on core 0
21727 µs
Reading Time running on core 0
Reading THR running on core 0
21726 µs
Reading Time running on core 0
Reading THR running on core 0
21726 µs
Reading Time running on core 0
Reading THR running on core 0
21727 µs
Reading Time running on core 0
Reading THR running on core 0
21726 µs
Reading Time running on core 0
Reading THR running on core 0
21726 µs
Reading Time running on core 0
Reading THR running on core 0
21726 µs
Reading Time running on core 0
Reading THR running on core 0
21727 µs
Reading Time running on core 0
Reading THR running on core 0
21815 µs
Reading Time running on core 0
Reading THR running on core 0
21815 µs
Reading Time running on core 0
Reading THR running on core 0
21814 µs
Reading Time running on core 0
Reading THR running on core 0
21814 µs
Reading Time running on core 0
Reading THR running on core 0
21726 µs
Reading Time running on core 0
Reading THR running on core 0
21815 µs
Reading Time running on core 0
Reading THR running on core 0
21726 µs
Reading Time running on core 0
Reading THR running on core 0
21726 µs
Reading Time running on core 0
Reading THR running on core 0
21818 µs
Reading Time running on core 0
Reading THR running on core 0
21727 µs
Reading Time running on core 0
Reading THR running on core 0
21814 µs
Reading Time running on core 0
Reading THR running on core 0
21815 µs
Reading Time running on core 0
Reading THR running on core 0
21814 µs
Reading Time running on core 0
Reading THR running on core 0
21815 µs
Reading Time running on core 0
Reading THR running on core 0
21814 µs
Reading Time running on core 0
Reading THR running on core 0
21814 µs
Reading Time running on core 0
Reading THR running on core 0
21815 µs
Reading Time running on core 0
Reading THR running on core 0
21814 µs
Reading Time running on core 0
Reading THR running on core 0
21814 µs
Reading Time running on core 0
Reading THR running on core 0
21815 µs
Reading Time running on core 0
Reading THR running on core 0
21814 µs
Reading Time running on core 0
Reading THR running on core 0
21815 µs
Reading Time running on core 0
Reading THR running on core 0
21815 µs
Reading Time running on core 0
Reading THR running on core 0
21814 µs
Reading Time running on core 0
Reading THR running on core 0
21815 µs
Reading Time running on core 0
Reading THR running on core 0
21815 µs
Reading Time running on core 0
Reading THR running on core 0
21815 µs
Reading Time running on core 0
Reading THR running on core 0
21818 µs
Reading Time running on core 0
Reading THR running on core 0
21814 µs
Reading Time running on core 0
Reading THR running on core 0
21815 µs
Reading Time running on core 0
Reading THR running on core 0
21814 µs
Reading Time running on core 0
Reading THR running on core 0
21814 µs
Reading Time running on core 0
Reading THR running on core 0
21815 µs
Reading Time running on core 0
Reading THR running on core 0
21815 µs
Reading Time running on core 0
Reading THR running on core 0
21814 µs
Reading Time running on core 0
Reading THR running on core 0
21727 µs
Reading Time running on core 0
Reading THR running on core 0
21814 µs
Reading Time running on core 0
Reading THR running on core 0
21815 µs
Reading Time running on core 0
Reading THR running on core 0
21727 µs
Reading Time running on core 0
Reading THR running on core 0
21814 µs
Reading Time running on core 0
Reading THR running on core 0
21815 µs
Reading Time running on core 0
Reading THR running on core 0
21814 µs
Reading Time running on core 0
Reading THR running on core 0
21814 µs
Reading Time running on core 0
Reading THR running on core 0
21815 µs
Reading Time running on core 0
Reading THR running on core 0
21814 µs
Reading Time running on core 0
Reading THR running on core 0
21814 µs
Reading Time running on core 0
Reading THR running on core 0
21728 µs
Reading Time running on core 0
Reading THR running on core 0
21726 µs
Reading Time running on core 0
Reading THR running on core 0
22407 µs
Reading Time running on core 0
Reading THR running on core 0
21814 µs
Reading Time running on core 0
Reading THR running on core 0
21815 µs
Reading Time running on core 0
Reading THR running on core 0
21729 µs
Reading Time running on core 0
Reading THR running on core 0
21814 µs
Reading Time running on core 0
Reading THR running on core 0
21726 µs
Reading Time running on core 0
Reading THR running on core 0
21815 µs
Reading Time running on core 0
Reading THR running on core 0
21727 µs
Reading Time running on core 0
Reading THR running on core 0
21814 µs
Reading Time running on core 0
Reading THR running on core 0
21726 µs
Reading Time running on core 0
Reading THR running on core 0
21814 µs
Reading Time running on core 0
Reading THR running on core 0
21727 µs
Reading Time running on core 0
Reading THR running on core 0
21814 µs
Reading Time running on core 0
Reading THR running on core 0
21726 µs
Reading Time running on core 0
Reading THR running on core 0
21726 µs
Reading Time running on core 0
Reading THR running on core 0
21726 µs
Reading Time running on core 0
Reading THR running on core 0
21726 µs
Reading Time running on core 0
Reading THR running on core 0
21728 µs
Reading Time running on core 0
Reading THR running on core 0
21726 µs
Reading Time running on core 0
Reading THR running on core 0
22333 µs
Reading Time running on core 0
Reading THR running on core 0
21768 µs
Reading Time running on core 0
Reading THR running on core 0
21727 µs
Reading Time running on core 0
Reading THR running on core 0
21727 µs
Reading Time running on core 0
Reading THR running on core 0
21727 µs
Reading Time running on core 0
Reading THR running on core 0
21726 µs
Reading Time running on core 0
Reading THR running on core 0
21726 µs
Reading Time running on core 0
Reading THR running on core 0
21727 µs
Reading Time running on core 0
Reading THR running on core 0
21726 µs
Reading Time running on core 0
Reading THR running on core 0
21726 µs
Reading Time running on core 0
Reading THR running on core 0
21726 µs
Reading Time running on core 0
Reading THR running on core 0
21727 µs
Reading Time running on core 0
Reading THR running on core 0
21727 µs
Reading Time running on core 0
Reading THR running on core 0
21727 µs
Reading Time running on core 0
Reading THR running on core 0
21726 µs
Reading Time running on core 0
Reading THR running on core 0
21726 µs
Reading Time running on core 0
Reading THR running on core 0
21727 µs
Reading Time running on core 0
Reading THR running on core 0
21728 µs
Reading Time running on core 0
Reading THR running on core 0
21727 µs
Reading Time running on core 0
Reading THR running on core 0
21818 µs
Reading Time running on core 0
Reading THR running on core 0
21768 µs
Reading Time running on core 0
Reading THR running on core 0
21727 µs
Reading Time running on core 0
Reading THR running on core 0
21726 µs
Reading Time running on core 0
Reading THR running on core 0
21726 µs
Reading Time running on core 0
Reading THR running on core 0
21726 µs
Reading Time running on core 0
Reading THR running on core 0
21726 µs
Reading Time running on core 0
Reading THR running on core 0
21815 µs
Reading Time running on core 0
Reading THR running on core 0
21726 µs
Reading Time running on core 0
Reading THR running on core 0
21767 µs
Reading Time running on core 0
Reading THR running on core 0
21815 µs
Reading Time running on core 0
Reading THR running on core 0
21769 µs
Reading Time running on core 0
Reading THR running on core 0
21814 µs
Reading Time running on core 0
Reading THR running on core 0
21768 µs
Reading Time running on core 0
Reading THR running on core 0
21815 µs
Reading Time running on core 0
Reading THR running on core 0
21814 µs
Reading Time running on core 0
Reading THR running on core 0
21769 µs
Reading Time running on core 0
Reading THR running on core 0
21772 µs
Reading Time running on core 0
Reading THR running on core 0
21769 µs
Reading Time running on core 0
Reading THR running on core 0
21859 µs
Reading Time running on core 0
Reading THR running on core 0
21767 µs
Reading Time running on core 0
Reading THR running on core 0
21815 µs
Reading Time running on core 0
Reading THR running on core 0
21768 µs
Reading Time running on core 0
Reading THR running on core 0
21814 µs
Reading Time running on core 0
Reading THR running on core 0
21726 µs
Reading Time running on core 0
Reading THR running on core 0
21769 µs
Reading Time running on core 0
Reading THR running on core 0
21726 µs
Reading Time running on core 0
Reading THR running on core 0
21726 µs
Reading Time running on core 0
Reading THR running on core 0
21729 µs
Reading Time running on core 0
Reading THR running on core 0
21727 µs
Reading Time running on core 0
Reading THR running on core 0
21769 µs
Reading Time running on core 0
Reading THR running on core 0
21814 µs
Reading Time running on core 0
Reading THR running on core 0
21769 µs
Reading Time running on core 0
Reading THR running on core 0
21815 µs
Reading Time running on core 0
Reading THR running on core 0
21769 µs
Reading Time running on core 0
Reading THR running on core 0
21769 µs
Reading Time running on core 0
Reading THR running on core 0
21819 µs
Reading Time running on core 0
Reading THR running on core 0
21726 µs
Reading Time running on core 0
Reading THR running on core 0
21819 µs
Reading Time running on core 0
Reading THR running on core 0
21813 µs
Reading Time running on core 0
Reading THR running on core 0
21768 µs
Reading Time running on core 0
Reading THR running on core 0
21815 µs
Reading Time running on core 0
Reading THR running on core 0
21815 µs
Reading Time running on core 0
Reading THR running on core 0
21815 µs
Reading Time running on core 0
Reading THR running on core 0
21815 µs
Reading Time running on core 0
Reading THR running on core 0
21814 µs
Reading Time running on core 0
Reading THR running on core 0
21814 µs
Reading Time running on core 0
Reading THR running on core 0
21815 µs
Reading Time running on core 0
Reading THR running on core 0
21814 µs
Reading Time running on core 0
Reading THR running on core 0
21814 µs
Reading Time running on core 0
Reading THR running on core 0
21815 µs
Reading Time running on core 0
Reading THR running on core 0
21815 µs
Reading Time running on core 0
Reading THR running on core 0
21815 µs
Reading Time running on core 0
Reading THR running on core 0
21815 µs
Reading Time running on core 0
Reading THR running on core 0
21815 µs
Reading Time running on core 0
Reading THR running on core 0
21815 µs
Reading Time running on core 0
Reading THR running on core 0
21815 µs
Reading Time running on core 0
Reading THR running on core 0
21819 µs
Reading Time running on core 0
Reading THR running on core 0
21814 µs
Reading Time running on core 0
Reading THR running on core 0
21815 µs
Reading Time running on core 0
Reading THR running on core 0
21814 µs
Reading Time running on core 0
Reading THR running on core 0
21814 µs
Reading Time running on core 0
Reading THR running on core 0
21814 µs
Reading Time running on core 0
Reading THR running on core 0
21815 µs
Reading Time running on core 0
Reading THR running on core 0
21769 µs
Reading Time running on core 0
Reading THR running on core 0
21814 µs
Reading Time running on core 0
Reading THR running on core 0
21815 µs
Reading Time running on core 0
Reading THR running on core 0
21814 µs
Reading Time running on core 0
Reading THR running on core 0
21815 µs
Reading Time running on core 0
Reading THR running on core 0
21815 µs
Reading Time running on core 0
Reading THR running on core 0
21815 µs
Reading Time running on core 0
Reading THR running on core 0
21815 µs
Reading Time running on core 0
Reading THR running on core 0
21815 µs
Reading Time running on core 0
Reading THR running on core 0
21815 µs
Reading Time running on core 0
Reading THR running on core 0
21815 µs
Reading Time running on core 0
Reading THR running on core 0
21814 µs
Reading Time running on core 0
Reading THR running on core 0
21819 µs
Reading Time running on core 0
Reading THR running on core 0
21814 µs
Reading Time running on core 0
Reading THR running on core 0
21814 µs
Reading Time running on core 0
Reading THR running on core 0
21814 µs
Reading Time running on core 0
Reading THR running on core 0
21814 µs
Reading Time running on core 0
Reading THR running on core 0
21787 µs
Reading Time running on core 0
Reading THR running on core 0
21823 µs
Reading Time running on core 0
Reading THR running on core 0
21769 µs
Reading Time running on core 0
Reading THR running on core 0
21814 µs
Reading Time running on core 0
Reading THR running on core 0
21815 µs
Reading Time running on core 0
Reading THR running on core 0
21814 µs
Reading Time running on core 0
Reading THR running on core 0
21814 µs
Reading Time running on core 0
Reading THR running on core 0
21815 µs
Reading Time running on core 0
Reading THR running on core 0
21815 µs
Reading Time running on core 0
Reading THR running on core 0
21815 µs
Reading Time running on core 0
Touch Value LUM 0
Luminescence : 700
Reading THR running on core 0
21815 µs
Touch Value LUM 0
Luminescence : 800
Touch Value LUM 0
Luminescence : 900
Touch Value LUM 0
Luminescence : 1000
Touch Value LUM 0
Luminescence : 1100
Touch Value LUM 0
Luminescence : 1200
Touch Value LUM 0
Luminescence : 1300
Touch Value LUM 0
Luminescence : 1400
Touch Value LUM 0
Luminescence : 1500
Touch Value LUM 0
Luminescence : 1600
Reading Time running on core 0
Touch Value LUM 0
Luminescence : 1700
Touch Value LUM 0
Luminescence : 1800
Touch Value LUM 0
Luminescence : 1900
Touch Value LUM 0
Luminescence : 2000
Touch Value LUM 0
Luminescence : 2000
Touch Value LUM 0
Luminescence : 1900
Touch Value LUM 0
Luminescence : 1800
Touch Value LUM 0
Luminescence : 1700
Reading THR running on core 0
21814 µs
Touch Value LUM 0
Luminescence : 1600
Touch Value LUM 0
Luminescence : 1500
Touch Value LUM 0
Luminescence : 1400
Touch Value LUM 0
Luminescence : 1300
Touch Value LUM 0
Luminescence : 1200
Touch Value LUM 0
Luminescence : 1100
Touch Value LUM 0
Luminescence : 1000
Touch Value LUM 0
Luminescence : 900
Touch Value LUM 0
Luminescence : 800
Touch Value LUM 0
Luminescence : 700
Touch Value LUM 0
Luminescence : 600
Touch Value LUM 0
Luminescence : 500
Touch Value LUM 0
Luminescence : 400
Touch Value LUM 0
Luminescence : 300
Reading Time running on core 0
Touch Value LUM 0
Luminescence : 200
Reading THR running on core 0
21815 µs
Reading Time running on core 0
Reading THR running on core 0
21831 µs
Reading Time running on core 0
Reading THR running on core 0
21912 µs
Reading Time running on core 0
Reading THR running on core 0
21814 µs
Reading Time running on core 0
Reading THR running on core 0
21815 µs
Reading Time running on core 0
Reading THR running on core 0
21815 µs
Reading Time running on core 0
Reading THR running on core 0
21814 µs
Reading Time running on core 0
Reading THR running on core 0
21815 µs
Reading Time running on core 0
Reading THR running on core 0
21814 µs
Reading Time running on core 0
Reading THR running on core 0
21815 µs
Reading Time running on core 0
Reading THR running on core 0
21815 µs
Reading Time running on core 0
Reading THR running on core 0
21814 µs
Reading Time running on core 0
Reading THR running on core 0
21814 µs
Reading Time running on core 0
Reading THR running on core 0
21818 µs
Reading Time running on core 0
Reading THR running on core 0
21685 µs
Reading Time running on core 0
Reading THR running on core 0
21675 µs
Reading Time running on core 0
Reading THR running on core 0
21769 µs
Reading Time running on core 0
Reading THR running on core 0
21957 µs
Reading Time running on core 0
Reading THR running on core 0
21862 µs
Reading Time running on core 0
Reading THR running on core 0
21861 µs
Reading Time running on core 0
Reading THR running on core 0
21862 µs
Reading Time running on core 0
Reading THR running on core 0
21930 µs
Reading Time running on core 0
Reading THR running on core 0
21862 µs
Reading Time running on core 0
Reading THR running on core 0
21861 µs
Reading Time running on core 0
Reading THR running on core 0
21861 µs
Reading Time running on core 0
Reading THR running on core 0
21860 µs
Reading Time running on core 0
Reading THR running on core 0
21743 µs
Reading Time running on core 0
Reading THR running on core 0
21735 µs
Reading Time running on core 0
Reading THR running on core 0
21729 µs
Reading Time running on core 0
Reading THR running on core 0
21957 µs
Reading Time running on core 0
Reading THR running on core 0
21861 µs
Reading Time running on core 0
Reading THR running on core 0
21955 µs
Reading Time running on core 0
Reading THR running on core 0
21728 µs
Reading Time running on core 0
Reading THR running on core 0
21727 µs
Reading Time running on core 0
Reading THR running on core 0
21727 µs
Reading Time running on core 0
Reading THR running on core 0
21956 µs
Reading Time running on core 0
Reading THR running on core 0
21815 µs
Reading Time running on core 0
Reading THR running on core 0
21816 µs
Reading Time running on core 0
Reading THR running on core 0
21862 µs
Reading Time running on core 0
Reading THR running on core 0
21783 µs
Reading Time running on core 0
Reading THR running on core 0
21879 µs
Reading Time running on core 0
Reading THR running on core 0
21768 µs
Reading Time running on core 0
Reading THR running on core 0
21769 µs
Reading Time running on core 0
Reading THR running on core 0
21770 µs
Reading Time running on core 0
Reading THR running on core 0
21862 µs
Reading Time running on core 0
Reading THR running on core 0
21861 µs
Reading Time running on core 0
Reading THR running on core 0
21860 µs
Reading Time running on core 0
Reading THR running on core 0
21861 µs
Reading Time running on core 0
Reading THR running on core 0
21768 µs
Reading Time running on core 0
Reading THR running on core 0
21769 µs
Reading Time running on core 0
Reading THR running on core 0
21769 µs
Reading Time running on core 0
Reading THR running on core 0
21774 µs
Reading Time running on core 0
Reading THR running on core 0
21824 µs
Reading Time running on core 0
Reading THR running on core 0
21816 µs
Reading Time running on core 0
Reading THR running on core 0
21815 µs
Reading Time running on core 0
Reading THR running on core 0
21815 µs
Reading Time running on core 0
Reading THR running on core 0
21816 µs
Reading Time running on core 0
Reading THR running on core 0
21726 µs
Reading Time running on core 0
Reading THR running on core 0
21729 µs
Reading Time running on core 0
Reading THR running on core 0
21747 µs
Reading Time running on core 0
Reading THR running on core 0
21729 µs
Reading Time running on core 0
Reading THR running on core 0
21729 µs
Reading Time running on core 0
Reading THR running on core 0
21729 µs
Reading Time running on core 0
Reading THR running on core 0
21727 µs
Reading Time running on core 0
Reading THR running on core 0
21745 µs
Reading Time running on core 0
Reading THR running on core 0
21726 µs
Reading Time running on core 0
Reading THR running on core 0
21729 µs
Reading Time running on core 0
Reading THR running on core 0
21729 µs
Reading Time running on core 0
Reading THR running on core 0
21727 µs
Reading Time running on core 0
Reading THR running on core 0
21727 µs
Reading Time running on core 0
Reading THR running on core 0
21729 µs
Reading Time running on core 0
Reading THR running on core 0
21727 µs
Reading Time running on core 0
Reading THR running on core 0
21957 µs
Reading Time running on core 0
Reading THR running on core 0
21728 µs
Reading Time running on core 0
Reading THR running on core 0
21727 µs
Reading Time running on core 0
Reading THR running on core 0
21729 µs
Reading Time running on core 0
Reading THR running on core 0
21733 µs
Reading Time running on core 0
Reading THR running on core 0
21685 µs
Reading Time running on core 0
Reading THR running on core 0
21209 µs
Reading Time running on core 0
Reading THR running on core 0
21677 µs
Reading Time running on core 0
Reading THR running on core 0
21675 µs
Reading Time running on core 0
Reading THR running on core 0
21676 µs
Reading Time running on core 0
Reading THR running on core 0
21675 µs
Reading Time running on core 0
Reading THR running on core 0
21675 µs
Reading Time running on core 0
Reading THR running on core 0
21676 µs
Reading Time running on core 0
Reading THR running on core 0
21676 µs
Reading Time running on core 0
Reading THR running on core 0
21676 µs
Reading Time running on core 0
Reading THR running on core 0
21675 µs
Reading Time running on core 0
Reading THR running on core 0
21676 µs
Reading Time running on core 0
Reading THR running on core 0
21691 µs
Reading Time running on core 0
Reading THR running on core 0
21683 µs
Reading Time running on core 0
Reading THR running on core 0
21728 µs
Reading Time running on core 0
Reading THR running on core 0
21676 µs
Reading Time running on core 0
Reading THR running on core 0
21676 µs
Reading Time running on core 0
Reading THR running on core 0
21675 µs
Reading Time running on core 0
Reading THR running on core 0
21675 µs
Reading Time running on core 0
Reading THR running on core 0
21726 µs
Reading Time running on core 0
Reading THR running on core 0
21681 µs
Reading Time running on core 0
Reading THR running on core 0
21675 µs
Reading Time running on core 0
Reading THR running on core 0
21726 µs
Reading Time running on core 0
Reading THR running on core 0
21676 µs
Reading Time running on core 0
Reading THR running on core 0
21674 µs
Reading Time running on core 0
Reading THR running on core 0
21691 µs
Reading Time running on core 0
Reading THR running on core 0
21676 µs
Reading Time running on core 0
Reading THR running on core 0
21675 µs
Reading Time running on core 0
Reading THR running on core 0
21726 µs
Reading Time running on core 0
Reading THR running on core 0
21677 µs
Reading Time running on core 0
Reading THR running on core 0
21725 µs
Reading Time running on core 0
Reading THR running on core 0
21726 µs
Reading Time running on core 0
Reading THR running on core 0
21726 µs
Reading Time running on core 0
Reading THR running on core 0
21677 µs
Reading Time running on core 0
Reading THR running on core 0
21728 µs
Reading Time running on core 0
Reading THR running on core 0
21677 µs
Reading Time running on core 0
Reading THR running on core 0
21814 µs
Reading Time running on core 0
Reading THR running on core 0
21730 µs
Reading Time running on core 0
Reading THR running on core 0
21735 µs
Reading Time running on core 0
Reading THR running on core 0
21807 µs
Reading Time running on core 0
Reading THR running on core 0
21675 µs
Reading Time running on core 0
Reading THR running on core 0
21728 µs
Reading Time running on core 0
Reading THR running on core 0
21815 µs
Reading Time running on core 0
Reading THR running on core 0
21727 µs
Reading Time running on core 0
Reading THR running on core 0
21729 µs
Reading Time running on core 0
Reading THR running on core 0
21815 µs
Reading Time running on core 0
Reading THR running on core 0
21816 µs
Reading Time running on core 0
Reading THR running on core 0
21727 µs
Reading Time running on core 0
Reading THR running on core 0
21814 µs
Reading Time running on core 0
Reading THR running on core 0
21815 µs
Reading Time running on core 0
Reading THR running on core 0
21831 µs
Reading Time running on core 0
Reading THR running on core 0
21726 µs
Reading Time running on core 0
Reading THR running on core 0
21726 µs
Reading Time running on core 0
Reading THR running on core 0
21815 µs
Reading Time running on core 0
Reading THR running on core 0
21727 µs
Reading Time running on core 0
Reading THR running on core 0
21676 µs
Reading Time running on core 0
Reading THR running on core 0
21726 µs
Reading Time running on core 0
Reading THR running on core 0
21727 µs
Reading Time running on core 0
Reading THR running on core 0
21828 µs
Reading Time running on core 0
Reading THR running on core 0
21727 µs
Reading Time running on core 0
Reading THR running on core 0
22302 µs
Reading Time running on core 0
Reading THR running on core 0
21726 µs
Reading Time running on core 0
Reading THR running on core 0
21733 µs
Reading Time running on core 0
Reading THR running on core 0
21823 µs
Reading Time running on core 0
Reading THR running on core 0
21815 µs
Reading Time running on core 0
Reading THR running on core 0
21815 µs
Reading Time running on core 0
Reading THR running on core 0
21815 µs
Reading Time running on core 0
Reading THR running on core 0
21814 µs
Reading Time running on core 0
Reading THR running on core 0
21815 µs
Reading Time running on core 0
Reading THR running on core 0
21815 µs
Reading Time running on core 0
Reading THR running on core 0
21815 µs
Reading Time running on core 0
Reading THR running on core 0
21816 µs
Reading Time running on core 0
Reading THR running on core 0
21815 µs
Reading Time running on core 0
Reading THR running on core 0
21815 µs
Reading Time running on core 0
Reading THR running on core 0
21815 µs
Reading Time running on core 0
Reading THR running on core 0
21742 µs
Reading Time running on core 0
Reading THR running on core 0
21823 µs
Reading Time running on core 0
Reading THR running on core 0
21728 µs
Reading Time running on core 0
Reading THR running on core 0
21815 µs
Reading Time running on core 0
Reading THR running on core 0
22421 µs
Reading Time running on core 0
Reading THR running on core 0
21726 µs
Reading Time running on core 0
Reading THR running on core 0
21727 µs
Reading Time running on core 0
Reading THR running on core 0
21727 µs
Reading Time running on core 0
Reading THR running on core 0
21726 µs
Reading Time running on core 0
Reading THR running on core 0
21815 µs
Reading Time running on core 0
Reading THR running on core 0
21814 µs
Reading Time running on core 0
Reading THR running on core 0
21816 µs
Reading Time running on core 0
Reading THR running on core 0
21815 µs
Reading Time running on core 0
Reading THR running on core 0
21646 µs
Reading Time running on core 0
Reading THR running on core 0
21814 µs
Reading Time running on core 0
Reading THR running on core 0
21629 µs
Reading Time running on core 0
Reading THR running on core 0
21629 µs
Reading Time running on core 0
Reading THR running on core 0
21726 µs
Reading Time running on core 0
Reading THR running on core 0
21815 µs
Reading Time running on core 0
Reading THR running on core 0
21815 µs
Reading Time running on core 0
Reading THR running on core 0
21816 µs
Reading Time running on core 0
Reading THR running on core 0
21634 µs
Reading Time running on core 0
Reading THR running on core 0
21726 µs
Reading Time running on core 0
Reading THR running on core 0
21915 µs
Reading Time running on core 0
Reading THR running on core 0
21814 µs
Reading Time running on core 0
Reading THR running on core 0
21820 µs
Reading Time running on core 0
Reading THR running on core 0
21734 µs
Reading Time running on core 0
Reading THR running on core 0
21676 µs
Reading Time running on core 0
Reading THR running on core 0
21675 µs
Reading Time running on core 0
Reading THR running on core 0
21726 µs
Reading Time running on core 0
Reading THR running on core 0
21677 µs
Reading Time running on core 0
Reading THR running on core 0
21726 µs
Reading Time running on core 0
Reading THR running on core 0
21727 µs
Reading Time running on core 0
Reading THR running on core 0
21815 µs
Reading Time running on core 0
Reading THR running on core 0
21815 µs
Reading Time running on core 0
Reading THR running on core 0
21727 µs
Reading Time running on core 0
Reading THR running on core 0
21729 µs
Reading Time running on core 0
Reading THR running on core 0
21729 µs
Reading Time running on core 0
Reading THR running on core 0
21743 µs
Reading Time running on core 0
Reading THR running on core 0
21727 µs
Reading Time running on core 0
Reading THR running on core 0
21728 µs
Reading Time running on core 0
Reading THR running on core 0
21729 µs
Reading Time running on core 0
Reading THR running on core 0
21728 µs
Reading Time running on core 0
Reading THR running on core 0
21727 µs
Reading Time running on core 0
Reading THR running on core 0
21727 µs
Reading Time running on core 0
Reading THR running on core 0
21726 µs
Reading Time running on core 0
Reading THR running on core 0
21729 µs
Reading Time running on core 0
Reading THR running on core 0
21729 µs
Reading Time running on core 0
Reading THR running on core 0
21729 µs
Reading Time running on core 0
Reading THR running on core 0
21729 µs
Reading Time running on core 0
Reading THR running on core 0
21680 µs
Reading Time running on core 0
Reading THR running on core 0
21734 µs
Reading Time running on core 0
Reading THR running on core 0
21729 µs
Reading Time running on core 0
Reading THR running on core 0
21727 µs
Reading Time running on core 0
Reading THR running on core 0
21727 µs
Reading Time running on core 0
Reading THR running on core 0
21677 µs
Reading Time running on core 0
Reading THR running on core 0
21675 µs
Reading Time running on core 0
Reading THR running on core 0
21725 µs
Reading Time running on core 0
Reading THR running on core 0
21727 µs
Reading Time running on core 0
Reading THR running on core 0
21728 µs
Reading Time running on core 0
Reading THR running on core 0
21677 µs
Reading Time running on core 0
Reading THR running on core 0
21727 µs
Reading Time running on core 0
Reading THR running on core 0
21726 µs
Reading Time running on core 0
Reading THR running on core 0
21744 µs
Reading Time running on core 0
Reading THR running on core 0
21684 µs
Reading Time running on core 0
Reading THR running on core 0
21728 µs
Reading Time running on core 0
Reading THR running on core 0
21726 µs
Reading Time running on core 0
Reading THR running on core 0
21726 µs
Reading Time running on core 0
Reading THR running on core 0
21727 µs
Reading Time running on core 0
Reading THR running on core 0
21676 µs
Reading Time running on core 0
Reading THR running on core 0
21676 µs
Reading Time running on core 0
Reading THR running on core 0
21725 µs
Reading Time running on core 0
Reading THR running on core 0
21726 µs
Reading Time running on core 0
Reading THR running on core 0
21726 µs
Reading Time running on core 0
Reading THR running on core 0
21677 µs
Reading Time running on core 0
Reading THR running on core 0
21728 µs
Reading Time running on core 0
Reading THR running on core 0
21692 µs
Reading Time running on core 0
Reading THR running on core 0
21728 µs
Reading Time running on core 0
Reading THR running on core 0
21728 µs
Reading Time running on core 0
Reading THR running on core 0
21677 µs
Reading Time running on core 0
Reading THR running on core 0
21803 µs
Reading Time running on core 0
Reading THR running on core 0
21729 µs
Reading Time running on core 0
Reading THR running on core 0
21729 µs
Reading Time running on core 0
Reading THR running on core 0
21729 µs
Reading Time running on core 0
Reading THR running on core 0
21677 µs
Reading Time running on core 0
Reading THR running on core 0
21675 µs
Reading Time running on core 0
Reading THR running on core 0
21675 µs
Reading Time running on core 0
Reading THR running on core 0
21676 µs
Reading Time running on core 0
Reading THR running on core 0
21679 µs
Reading Time running on core 0
Reading THR running on core 0
21736 µs
Reading Time running on core 0
Reading THR running on core 0
21677 µs
Reading Time running on core 0
Reading THR running on core 0
21675 µs
Reading Time running on core 0
Reading THR running on core 0
21676 µs
Reading Time running on core 0
Reading THR running on core 0
21675 µs
Reading Time running on core 0
Reading THR running on core 0
21725 µs
Reading Time running on core 0
Reading THR running on core 0
21676 µs
Reading Time running on core 0
Reading THR running on core 0
21675 µs
Reading Time running on core 0
Reading THR running on core 0
21680 µs
Reading Time running on core 0
Reading THR running on core 0
21675 µs
Reading Time running on core 0
Reading THR running on core 0
21774 µs
Reading Time running on core 0
Reading THR running on core 0
21676 µs
Reading Time running on core 0
Reading THR running on core 0
21691 µs
Reading Time running on core 0
Reading THR running on core 0
21676 µs
Reading Time running on core 0
Reading THR running on core 0
21675 µs
Reading Time running on core 0
Reading THR running on core 0
21675 µs
Reading Time running on core 0
Reading THR running on core 0
21676 µs
Reading Time running on core 0
Reading THR running on core 0
21676 µs
Reading Time running on core 0
Reading THR running on core 0
21675 µs
Reading Time running on core 0
Reading THR running on core 0
21675 µs
Reading Time running on core 0
Reading THR running on core 0
21677 µs
Reading Time running on core 0
Reading THR running on core 0
21676 µs
Reading Time running on core 0
Reading THR running on core 0
21676 µs
Reading Time running on core 0
Reading THR running on core 0
21675 µs
Reading Time running on core 0
Reading THR running on core 0
21679 µs
Reading Time running on core 0
Reading THR running on core 0
21683 µs
Reading Time running on core 0
Reading THR running on core 0
21676 µs
Reading Time running on core 0
Reading THR running on core 0
21679 µs
Reading Time running on core 0
Reading THR running on core 0
21677 µs
Reading Time running on core 0
Reading THR running on core 0
21794 µs
Reading Time running on core 0
Reading THR running on core 0
21677 µs
Reading Time running on core 0
Reading THR running on core 0
21676 µs
Reading Time running on core 0
Reading THR running on core 0
21676 µs
Reading Time running on core 0
Reading THR running on core 0
21676 µs
Reading Time running on core 0
Reading THR running on core 0
21676 µs
Reading Time running on core 0
Reading THR running on core 0
21677 µs
Reading Time running on core 0
Reading THR running on core 0
21675 µs
Reading Time running on core 0
Reading THR running on core 0
21691 µs
Reading Time running on core 0
Reading THR running on core 0
21684 µs
Reading Time running on core 0
Reading THR running on core 0
21676 µs
Reading Time running on core 0
Reading THR running on core 0
21676 µs
Reading Time running on core 0
Reading THR running on core 0
21677 µs
Reading Time running on core 0
Reading THR running on core 0
21676 µs
Reading Time running on core 0
Reading THR running on core 0
21675 µs
Reading Time running on core 0
Reading THR running on core 0
21676 µs
Reading Time running on core 0
Reading THR running on core 0
21675 µs
Reading Time running on core 0
Reading THR running on core 0
21680 µs
Reading Time running on core 0
Reading THR running on core 0
21677 µs
Reading Time running on core 0
Reading THR running on core 0
21797 µs
Reading Time running on core 0
Reading THR running on core 0
21677 µs
Reading Time running on core 0
Reading THR running on core 0
21692 µs
Reading Time running on core 0
Reading THR running on core 0
21675 µs
Reading Time running on core 0
Reading THR running on core 0
21676 µs
Reading Time running on core 0
Reading THR running on core 0
21676 µs
Reading Time running on core 0
Reading THR running on core 0
21676 µs
Reading Time running on core 0
Reading THR running on core 0
21675 µs
Reading Time running on core 0
Reading THR running on core 0
21676 µs
Reading Time running on core 0
Reading THR running on core 0
21676 µs
Reading Time running on core 0
Reading THR running on core 0
21676 µs
Reading Time running on core 0
Reading THR running on core 0
21726 µs
Reading Time running on core 0
Reading THR running on core 0
21677 µs
Reading Time running on core 0
Reading THR running on core 0
21675 µs
Reading Time running on core 0
Reading THR running on core 0
21679 µs
Reading Time running on core 0
Reading THR running on core 0
21736 µs
Reading Time running on core 0
Reading THR running on core 0
21676 µs
Reading Time running on core 0
Reading THR running on core 0
21676 µs
Reading Time running on core 0
Reading THR running on core 0
21675 µs
Reading Time running on core 0
Reading THR running on core 0
21700 µs
Reading Time running on core 0
Reading THR running on core 0
21676 µs
Reading Time running on core 0
Reading THR running on core 0
21728 µs
Reading Time running on core 0
Reading THR running on core 0
21676 µs
Reading Time running on core 0
Reading THR running on core 0
21676 µs
Reading Time running on core 0
Reading THR running on core 0
21676 µs
Reading Time running on core 0
Reading THR running on core 0
21676 µs
Reading Time running on core 0
Reading THR running on core 0
21728 µs
Reading Time running on core 0
Reading THR running on core 0
21692 µs
Reading Time running on core 0
Reading THR running on core 0
21675 µs
Reading Time running on core 0
Reading THR running on core 0
21676 µs
Reading Time running on core 0
Reading THR running on core 0
21676 µs
Reading Time running on core 0
Reading THR running on core 0
21676 µs
Reading Time running on core 0
Reading THR running on core 0
21728 µs
Reading Time running on core 0
Reading THR running on core 0
21677 µs
Reading Time running on core 0
Reading THR running on core 0
21676 µs
Reading Time running on core 0
Reading THR running on core 0
21728 µs
Reading Time running on core 0
Reading THR running on core 0
21677 µs
Reading Time running on core 0
Reading THR running on core 0
21676 µs
Reading Time running on core 0
Reading THR running on core 0
21727 µs
Reading Time running on core 0
Reading THR running on core 0
21731 µs
Reading Time running on core 0
Reading THR running on core 0
21684 µs
Reading Time running on core 0
Reading THR running on core 0
21726 µs
Reading Time running on core 0
Reading THR running on core 0
21726 µs
Reading Time running on core 0
Reading THR running on core 0
21727 µs
Reading Time running on core 0
Reading THR running on core 0
21728 µs
Reading Time running on core 0
Reading THR running on core 0
21729 µs
Reading Time running on core 0
Reading THR running on core 0
21677 µs
Reading Time running on core 0
Reading THR running on core 0
21675 µs
Reading Time running on core 0
Reading THR running on core 0
21676 µs
Reading Time running on core 0
Reading THR running on core 0
21676 µs
Reading Time running on core 0
Reading THR running on core 0
21728 µs
Reading Time running on core 0
Reading THR running on core 0
21727 µs
Reading Time running on core 0
Reading THR running on core 0
21693 µs
Reading Time running on core 0
Reading THR running on core 0
21734 µs
Reading Time running on core 0
Reading THR running on core 0
21727 µs
Reading Time running on core 0
Reading THR running on core 0
21729 µs
Reading Time running on core 0
Reading THR running on core 0
21677 µs
Reading Time running on core 0
Reading THR running on core 0
21727 µs
Reading Time running on core 0
Reading THR running on core 0
21729 µs
Reading Time running on core 0
Reading THR running on core 0
21727 µs
Reading Time running on core 0
Reading THR running on core 0
21729 µs
Reading Time running on core 0
Reading THR running on core 0
21727 µs
Reading Time running on core 0
Reading THR running on core 0
21729 µs
Reading Time running on core 0
Reading THR running on core 0
21729 µs
Reading Time running on core 0
Reading THR running on core 0
21729 µs
Reading Time running on core 0
Reading THR running on core 0
21745 µs
Reading Time running on core 0
Reading THR running on core 0
21729 µs
Reading Time running on core 0
Reading THR running on core 0
21678 µs
Reading Time running on core 0
Reading THR running on core 0
21728 µs
Reading Time running on core 0
Reading THR running on core 0
21729 µs
Reading Time running on core 0
Reading THR running on core 0
21729 µs
Reading Time running on core 0
Reading THR running on core 0
21729 µs
Reading Time running on core 0
Reading THR running on core 0
21729 µs
Reading Time running on core 0
Reading THR running on core 0
21727 µs
Reading Time running on core 0
Reading THR running on core 0
21727 µs
Reading Time running on core 0
Reading THR running on core 0
21729 µs
Reading Time running on core 0
Reading THR running on core 0
22015 µs
Reading Time running on core 0
Reading THR running on core 0
21732 µs
Reading Time running on core 0
Reading THR running on core 0
21735 µs
Reading Time running on core 0
Reading THR running on core 0
21729 µs
Reading Time running on core 0
Reading THR running on core 0
21729 µs
Reading Time running on core 0
Reading THR running on core 0
21729 µs
Reading Time running on core 0
Reading THR running on core 0
21727 µs
Reading Time running on core 0
Reading THR running on core 0
21727 µs
Reading Time running on core 0
Reading THR running on core 0
21729 µs
Reading Time running on core 0
Reading THR running on core 0
21727 µs
Reading Time running on core 0
Reading THR running on core 0
21729 µs
Reading Time running on core 0
Reading THR running on core 0
21816 µs
Reading Time running on core 0
Reading THR running on core 0
21727 µs
Reading Time running on core 0
Reading THR running on core 0
21729 µs
Reading Time running on core 0
Reading THR running on core 0
21832 µs
Reading Time running on core 0
Reading THR running on core 0
21727 µs
Reading Time running on core 0
Reading THR running on core 0
21729 µs
Reading Time running on core 0
Reading THR running on core 0
21729 µs
Reading Time running on core 0
Reading THR running on core 0
21729 µs
Reading Time running on core 0
Reading THR running on core 0
22304 µs
Reading Time running on core 0
Reading THR running on core 0
21816 µs
Reading Time running on core 0
Reading THR running on core 0
21729 µs
Reading Time running on core 0
Reading THR running on core 0
21729 µs
Reading Time running on core 0
Reading THR running on core 0
21729 µs
Reading Time running on core 0
Reading THR running on core 0
21816 µs
Reading Time running on core 0
Reading THR running on core 0
21729 µs
Reading Time running on core 0
Reading THR running on core 0
21730 µs
Reading Time running on core 0
Reading THR running on core 0
21735 µs
Reading Time running on core 0
Reading THR running on core 0
21729 µs
Reading Time running on core 0
Reading THR running on core 0
21729 µs
Reading Time running on core 0
Reading THR running on core 0
21727 µs
Reading Time running on core 0
Reading THR running on core 0
21729 µs
Reading Time running on core 0
Reading THR running on core 0
21727 µs
Reading Time running on core 0
Reading THR running on core 0
21729 µs
Reading Time running on core 0
Reading THR running on core 0
21727 µs
Reading Time running on core 0
Reading THR running on core 0
21727 µs
Reading Time running on core 0
Reading THR running on core 0
21727 µs
Reading Time running on core 0
Reading THR running on core 0
21816 µs
Reading Time running on core 0
Reading THR running on core 0
21728 µs
Reading Time running on core 0
Reading THR running on core 0
21743 µs
Reading Time running on core 0
Reading THR running on core 0
21823 µs
Reading Time running on core 0
Reading THR running on core 0
21816 µs
Reading Time running on core 0
Reading THR running on core 0
21729 µs
Reading Time running on core 0
Reading THR running on core 0
21816 µs
Reading Time running on core 0
Reading THR running on core 0
21727 µs
Reading Time running on core 0
Reading THR running on core 0
21815 µs
Reading Time running on core 0
Reading THR running on core 0
21816 µs
Reading Time running on core 0
Reading THR running on core 0
21815 µs
Reading Time running on core 0
Reading THR running on core 0
21727 µs
Reading Time running on core 0
Reading THR running on core 0
21816 µs
Reading Time running on core 0
Reading THR running on core 0
21815 µs
Reading Time running on core 0
Reading THR running on core 0
21729 µs
Reading Time running on core 0
Reading THR running on core 0
21745 µs
Reading Time running on core 0
Reading THR running on core 0
21729 µs
Reading Time running on core 0
Reading THR running on core 0
21729 µs
Reading Time running on core 0
Reading THR running on core 0
21816 µs
Reading Time running on core 0
Reading THR running on core 0
21816 µs
Reading Time running on core 0
Reading THR running on core 0
21820 µs
Reading Time running on core 0
Reading THR running on core 0
21817 µs
Reading Time running on core 0
Reading THR running on core 0
21815 µs
Reading Time running on core 0
Reading THR running on core 0
21815 µs
Reading Time running on core 0
Reading THR running on core 0
21815 µs
Reading Time running on core 0
Reading THR running on core 0
21816 µs
Reading Time running on core 0
Reading THR running on core 0
21816 µs
Reading Time running on core 0
Reading THR running on core 0
21820 µs
Reading Time running on core 0
Reading THR running on core 0
21824 µs
Reading Time running on core 0
Reading THR running on core 0
21816 µs
Reading Time running on core 0
Reading THR running on core 0
21815 µs
Reading Time running on core 0
Reading THR running on core 0
21729 µs
Reading Time running on core 0
Reading THR running on core 0
21816 µs
Reading Time running on core 0
Reading THR running on core 0
21815 µs
Reading Time running on core 0
Reading THR running on core 0
21770 µs
Reading Time running on core 0
Reading THR running on core 0
21815 µs
Reading Time running on core 0
Reading THR running on core 0
21816 µs
Reading Time running on core 0
Reading THR running on core 0
21729 µs
Reading Time running on core 0
Reading THR running on core 0
21769 µs
Reading Time running on core 0
Reading THR running on core 0
21819 µs
Reading Time running on core 0
Reading THR running on core 0
21832 µs
Reading Time running on core 0
Reading THR running on core 0
21817 µs
Reading Time running on core 0
Reading THR running on core 0
21816 µs
Reading Time running on core 0
Reading THR running on core 0
21816 µs
Reading Time running on core 0
Reading THR running on core 0
21816 µs
Reading Time running on core 0
Reading THR running on core 0
21816 µs
Reading Time running on core 0
Reading THR running on core 0
21816 µs
Reading Time running on core 0
Reading THR running on core 0
21816 µs
Reading Time running on core 0
Reading THR running on core 0
21817 µs
Reading Time running on core 0
Reading THR running on core 0
21817 µs
Reading Time running on core 0
Reading THR running on core 0
21816 µs
Reading Time running on core 0
Reading THR running on core 0
21815 µs
Reading Time running on core 0
Reading THR running on core 0
21820 µs
Reading Time running on core 0
Reading THR running on core 0
21823 µs
Reading Time running on core 0
Reading THR running on core 0
21815 µs
Reading Time running on core 0
Reading THR running on core 0
21816 µs
Reading Time running on core 0
Reading THR running on core 0
21815 µs
Reading Time running on core 0
Reading THR running on core 0
21769 µs
Reading Time running on core 0
Reading THR running on core 0
21774 µs
Reading Time running on core 0
Reading THR running on core 0
21816 µs
Reading Time running on core 0
Reading THR running on core 0
21769 µs
Reading Time running on core 0
Reading THR running on core 0
21817 µs
Reading Time running on core 0
Reading THR running on core 0
21816 µs
Reading Time running on core 0
Reading THR running on core 0
21815 µs
Reading Time running on core 0
Reading THR running on core 0
21816 µs
Reading Time running on core 0
Reading THR running on core 0
21832 µs
Reading Time running on core 0
Reading THR running on core 0
21824 µs
Reading Time running on core 0
Reading THR running on core 0
21815 µs
Reading Time running on core 0
Reading THR running on core 0
21816 µs
Reading Time running on core 0
Reading THR running on core 0
21815 µs
Reading Time running on core 0
Reading THR running on core 0
21816 µs
Reading Time running on core 0
Reading THR running on core 0
21769 µs
Reading Time running on core 0
Reading THR running on core 0
21769 µs
Reading Time running on core 0
Reading THR running on core 0
21816 µs
Reading Time running on core 0
Reading THR running on core 0
21816 µs
Reading Time running on core 0
Reading THR running on core 0
21769 µs
Reading Time running on core 0
Reading THR running on core 0
21769 µs
Reading Time running on core 0
Reading THR running on core 0
21819 µs
Reading Time running on core 0
Reading THR running on core 0
21832 µs
Reading Time running on core 0
Reading THR running on core 0
21925 µs
Reading Time running on core 0
Reading THR running on core 0
21815 µs
Reading Time running on core 0
Reading THR running on core 0
21770 µs
Reading Time running on core 0
Reading THR running on core 0
21770 µs
Reading Time running on core 0
Reading THR running on core 0
21816 µs
Reading Time running on core 0
Reading THR running on core 0
21816 µs
Reading Time running on core 0
Reading THR running on core 0
21769 µs
Reading Time running on core 0
Reading THR running on core 0
21769 µs
Reading Time running on core 0
Reading THR running on core 0
21816 µs
Reading Time running on core 0
Reading THR running on core 0
21769 µs
Reading Time running on core 0
Reading THR running on core 0
21769 µs
Reading Time running on core 0
Reading THR running on core 0
21819 µs
Reading Time running on core 0
Reading THR running on core 0
21823 µs
Reading Time running on core 0
Reading THR running on core 0
21816 µs
Reading Time running on core 0
Reading THR running on core 0
21769 µs
Reading Time running on core 0
Reading THR running on core 0
21770 µs
Reading Time running on core 0
Reading THR running on core 0
21816 µs
Reading Time running on core 0
Reading THR running on core 0
21773 µs
Reading Time running on core 0
Reading THR running on core 0
21816 µs
Reading Time running on core 0
Reading THR running on core 0
22374 µs
Reading Time running on core 0
Reading THR running on core 0
21815 µs
Reading Time running on core 0
Reading THR running on core 0
21816 µs
Reading Time running on core 0
Reading THR running on core 0
21815 µs
Reading Time running on core 0
Reading THR running on core 0
21816 µs
Reading Time running on core 0
Reading THR running on core 0
21832 µs
Reading Time running on core 0
Reading THR running on core 0
21815 µs
Reading Time running on core 0
Reading THR running on core 0
21815 µs
Reading Time running on core 0
Reading THR running on core 0
21770 µs
Reading Time running on core 0
Reading THR running on core 0
21816 µs
Reading Time running on core 0
Reading THR running on core 0
21815 µs
Reading Time running on core 0
Reading THR running on core 0
21770 µs
Reading Time running on core 0
Reading THR running on core 0
21769 µs
Reading Time running on core 0
Reading THR running on core 0
21769 µs
Reading Time running on core 0
Reading THR running on core 0
21817 µs
Reading Time running on core 0
Reading THR running on core 0
21816 µs
Reading Time running on core 0
Reading THR running on core 0
21816 µs
Reading Time running on core 0
Reading THR running on core 0
21778 µs
Reading Time running on core 0
Reading THR running on core 0
21824 µs
Reading Time running on core 0
Reading THR running on core 0
22198 µs
Reading Time running on core 0
Reading THR running on core 0
21815 µs
Reading Time running on core 0
Reading THR running on core 0
21769 µs
Reading Time running on core 0
Reading THR running on core 0
21816 µs
Reading Time running on core 0
Reading THR running on core 0
21816 µs
Reading Time running on core 0
Reading THR running on core 0
21770 µs
Reading Time running on core 0
Reading THR running on core 0
21815 µs
Reading Time running on core 0
Reading THR running on core 0
21769 µs
Reading Time running on core 0
Reading THR running on core 0
21770 µs
Reading Time running on core 0
Reading THR running on core 0
21769 µs
Reading Time running on core 0
Reading THR running on core 0
21816 µs
Reading Time running on core 0
Reading THR running on core 0
21786 µs
Reading Time running on core 0
Reading THR running on core 0
21778 µs
Reading Time running on core 0
Reading THR running on core 0
21769 µs
Reading Time running on core 0
Reading THR running on core 0
21816 µs
Reading Time running on core 0
Reading THR running on core 0
21769 µs
Reading Time running on core 0
Reading THR running on core 0
21815 µs
Reading Time running on core 0
Reading THR running on core 0
21773 µs
Reading Time running on core 0
Reading THR running on core 0
21770 µs
Reading Time running on core 0
Reading THR running on core 0
21797 µs
Reading Time running on core 0
Reading THR running on core 0
21770 µs
Reading Time running on core 0
Reading THR running on core 0
21769 µs
Reading Time running on core 0
Reading THR running on core 0
21815 µs
Reading Time running on core 0
Reading THR running on core 0
21815 µs
Reading Time running on core 0
Reading THR running on core 0
21832 µs
Reading Time running on core 0
Reading THR running on core 0
21816 µs
Reading Time running on core 0
Reading THR running on core 0
21816 µs
Reading Time running on core 0
Reading THR running on core 0
21769 µs
Reading Time running on core 0
Reading THR running on core 0
21816 µs
Reading Time running on core 0
Reading THR running on core 0
21816 µs
Reading Time running on core 0
Reading THR running on core 0
21816 µs
Reading Time running on core 0
Reading THR running on core 0
21816 µs
Reading Time running on core 0
Reading THR running on core 0
21817 µs
Reading Time running on core 0
Reading THR running on core 0
21816 µs
Reading Time running on core 0
Reading THR running on core 0
21816 µs
Reading Time running on core 0
Reading THR running on core 0
21817 µs
Reading Time running on core 0
Reading THR running on core 0
21820 µs
Reading Time running on core 0
Reading THR running on core 0
21824 µs
Reading Time running on core 0
Reading THR running on core 0
21820 µs
Reading Time running on core 0
Reading THR running on core 0
21815 µs
Reading Time running on core 0
Reading THR running on core 0
21816 µs
Reading Time running on core 0
Reading THR running on core 0
21816 µs
Reading Time running on core 0
Reading THR running on core 0
21816 µs
Reading Time running on core 0
Reading THR running on core 0
21815 µs
Reading Time running on core 0
Reading THR running on core 0
21815 µs
Reading Time running on core 0
Reading THR running on core 0
21816 µs
Reading Time running on core 0
Reading THR running on core 0
21816 µs
Reading Time running on core 0
Reading THR running on core 0
21729 µs
Reading Time running on core 0
Reading THR running on core 0
21816 µs
Reading Time running on core 0
Reading THR running on core 0
21831 µs
Reading Time running on core 0
Reading Time running on core 0
Reading THR running on core 0
21815 µs
Reading Time running on core 0
Reading THR running on core 0
21816 µs
Reading Time running on core 0
Reading THR running on core 0
21729 µs
Reading Time running on core 0
Reading THR running on core 0
21816 µs
Reading Time running on core 0
Reading THR running on core 0
21815 µs
Reading Time running on core 0
Reading THR running on core 0
21676 µs
Reading Time running on core 0
Reading THR running on core 0
21770 µs
Reading Time running on core 0
Reading THR running on core 0
21678 µs
Reading Time running on core 0
Reading THR running on core 0
21727 µs
Reading Time running on core 0
Reading THR running on core 0
21728 µs
Reading Time running on core 0
Reading THR running on core 0
21681 µs
Reading Time running on core 0
Reading THR running on core 0
21777 µs
Reading Time running on core 0
Reading THR running on core 0
21677 µs
Reading Time running on core 0
Reading THR running on core 0
21676 µs
Reading Time running on core 0
Reading THR running on core 0
21676 µs
Reading Time running on core 0
Reading THR running on core 0
21676 µs
Reading Time running on core 0
Reading THR running on core 0
21676 µs
Reading Time running on core 0
Reading THR running on core 0
21677 µs
Reading Time running on core 0
Reading THR running on core 0
21802 µs
Reading Time running on core 0
Reading THR running on core 0
21728 µs
Reading Time running on core 0
Reading THR running on core 0
21703 µs
Reading Time running on core 0
Reading THR running on core 0
21676 µs
Reading Time running on core 0
Reading THR running on core 0
21676 µs
Reading Time running on core 0
Reading THR running on core 0
21743 µs
Reading Time running on core 0
Reading THR running on core 0
21677 µs
Reading Time running on core 0
Reading THR running on core 0
21727 µs
Reading Time running on core 0
Reading THR running on core 0
21728 µs
Reading Time running on core 0
Reading THR running on core 0
21677 µs
Reading Time running on core 0
Reading THR running on core 0
21727 µs
Reading Time running on core 0
Reading THR running on core 0
21677 µs
Reading Time running on core 0
Reading THR running on core 0
21676 µs
Reading Time running on core 0
Reading THR running on core 0
21675 µs
Reading Time running on core 0
Reading THR running on core 0
21676 µs
Reading Time running on core 0
Reading THR running on core 0
21676 µs
Reading Time running on core 0
Reading THR running on core 0
21676 µs
Reading Time running on core 0
Reading THR running on core 0
21680 µs
Reading Time running on core 0
Reading THR running on core 0
21684 µs
Reading Time running on core 0
Reading THR running on core 0
21728 µs
Reading Time running on core 0
Reading THR running on core 0
21728 µs
Reading Time running on core 0
Reading THR running on core 0
21728 µs
Reading Time running on core 0
Reading THR running on core 0
21728 µs
Reading Time running on core 0
Reading THR running on core 0
21677 µs
Reading Time running on core 0
Reading THR running on core 0
21676 µs
Reading Time running on core 0
Reading THR running on core 0
21677 µs
Reading Time running on core 0
Reading THR running on core 0
21728 µs
Reading Time running on core 0
Reading THR running on core 0
21676 µs
Reading Time running on core 0
Reading THR running on core 0
21676 µs
Reading Time running on core 0
Reading THR running on core 0
21727 µs
Reading Time running on core 0
Reading THR running on core 0
21744 µs
Reading Time running on core 0
Reading THR running on core 0
21736 µs
Reading Time running on core 0
Reading THR running on core 0
21728 µs
Reading Time running on core 0
Reading THR running on core 0
21677 µs
Reading Time running on core 0
Reading THR running on core 0
21728 µs
Reading Time running on core 0
Reading THR running on core 0
21678 µs
Reading Time running on core 0
Reading THR running on core 0
21728 µs
Reading Time running on core 0
Reading THR running on core 0
21677 µs
Reading Time running on core 0
Reading THR running on core 0
21680 µs
Reading Time running on core 0
Reading THR running on core 0
21676 µs
Reading Time running on core 0
Reading THR running on core 0
21680 µs
Reading Time running on core 0
Reading THR running on core 0
21676 µs
Reading Time running on core 0
Reading THR running on core 0
21677 µs
Reading Time running on core 0
Reading THR running on core 0
21692 µs
Reading Time running on core 0
Reading THR running on core 0
21676 µs
Reading Time running on core 0
Reading THR running on core 0
21676 µs
Reading Time running on core 0
Reading THR running on core 0
21676 µs
Reading Time running on core 0
Reading THR running on core 0
21677 µs
Reading Time running on core 0
Reading THR running on core 0
21676 µs
Reading Time running on core 0
Reading THR running on core 0
21676 µs
Reading Time running on core 0
Reading THR running on core 0
21676 µs
Reading Time running on core 0
Reading THR running on core 0
21676 µs
Reading Time running on core 0
Reading THR running on core 0
21677 µs
Reading Time running on core 0
Reading THR running on core 0
21676 µs
Reading Time running on core 0
Reading THR running on core 0
21676 µs
Reading Time running on core 0
Reading THR running on core 0
21773 µs
Reading Time running on core 0
Reading THR running on core 0
21685 µs
Reading Time running on core 0
Reading THR running on core 0
21680 µs
Reading Time running on core 0
Reading THR running on core 0
21676 µs
Reading Time running on core 0
Reading THR running on core 0
21855 µs
Reading Time running on core 0
Reading THR running on core 0
21769 µs
Reading Time running on core 0
Reading THR running on core 0
21771 µs
Reading Time running on core 0
Reading THR running on core 0
21771 µs
Reading Time running on core 0
Reading THR running on core 0
21770 µs
Reading Time running on core 0
Reading THR running on core 0
21770 µs
Reading Time running on core 0
Reading THR running on core 0
21677 µs
Reading Time running on core 0
Reading THR running on core 0
21769 µs
Reading Time running on core 0
Reading THR running on core 0
21769 µs
Reading Time running on core 0
Reading THR running on core 0
21786 µs
Reading Time running on core 0
Reading THR running on core 0
21677 µs
Reading Time running on core 0
Reading THR running on core 0
21769 µs
Reading Time running on core 0
Reading THR running on core 0
21769 µs
Reading Time running on core 0
Reading THR running on core 0
21770 µs
Reading Time running on core 0
Reading THR running on core 0
21770 µs
Reading Time running on core 0
Reading THR running on core 0
21770 µs
Reading Time running on core 0
Reading THR running on core 0
21770 µs
Reading Time running on core 0
Reading THR running on core 0
21773 µs
Reading Time running on core 0
Reading THR running on core 0
21770 µs
Reading Time running on core 0
Reading THR running on core 0
21877 µs
Reading Time running on core 0
Guru Meditation Error: Core  1 panic'ed (LoadProhibited). Exception was unhandled.

Core  1 register dump:
PC      : 0x400d31a8  PS      : 0x00060b30  A0      : 0x800d8e38  A1      : 0x3ffce130  
A2      : 0x3ffc3b94  A3      : 0x3ffbdc98  A4      : 0x3ffc3b98  A5      : 0x3ffbdb80  
A6      : 0x00000002  A7      : 0x80000001  A8      : 0xa66241d0  A9      : 0x3ffbdc98  
A10     : 0x00000016  A11     : 0x00000000  A12     : 0x00000001  A13     : 0x00000000  
A14     : 0x00000002  A15     : 0x00002710  SAR     : 0x00000014  EXCCAUSE: 0x0000001c  
EXCVADDR: 0xa66241d0  LBEG    : 0x400849e1  LEND    : 0x400849e9  LCOUNT  : 0x00000027  


Backtrace:0x400d31a5:0x3ffce1300x400d8e35:0x3ffce150 




ELF file SHA256: 0000000000000000

Rebooting...
ets Jun  8 2016 00:22:57

rst:0xc (SW_CPU_RESET),boot:0x17 (SPI_FAST_FLASH_BOOT)
configsip: 0, SPIWP:0xee
clk_drv:0x00,q_drv:0x00,d_drv:0x00,cs0_drv:0x00,hd_drv:0x00,wp_drv:0x00
mode:DIO, clock div:2
load:0x3fff0030,len:1184
load:0x40078000,len:13132
load:0x40080400,len:3036
entry 0x400805e4
Connecting to Bratzelwurst
.
WiFi connected.
Monday, November 21 2022 07:27:32
Time was read from PTB...
WiFi disconnected.
Testlauf
Setup fertig...
Reading THR running on core 0
21630 µs
Reading Time running on core 0
Reading THR running on core 0
21694 µs
Reading Time running on core 0
Reading THR running on core 0
21676 µs
Reading Time running on core 0
Reading THR running on core 0
21684 µs
Reading Time running on core 0
Reading THR running on core 0
21768 µs
Reading Time running on core 0
Reading THR running on core 0
21770 µs
Reading Time running on core 0
Reading THR running on core 0
21692 µs
Reading Time running on core 0
Reading THR running on core 0
21778 µs
Reading Time running on core 0
Reading THR running on core 0
21770 µs
Reading Time running on core 0
Reading THR running on core 0
21770 µs
Reading Time running on core 0
Reading THR running on core 0
21771 µs
Reading Time running on core 0
Reading THR running on core 0
21770 µs
Reading Time running on core 0
Reading THR running on core 0
21770 µs
Reading Time running on core 0
Reading THR running on core 0
21785 µs
Reading Time running on core 0
Reading THR running on core 0
21770 µs
Reading Time running on core 0
Reading THR running on core 0
21770 µs
Reading Time running on core 0
Reading THR running on core 0
21770 µs
Reading Time running on core 0
Reading THR running on core 0
21770 µs
Reading Time running on core 0
Reading THR running on core 0
21773 µs
Reading Time running on core 0
Reading THR running on core 0
21770 µs
Reading Time running on core 0
Reading THR running on core 0
22248 µs
Reading Time running on core 0
Reading THR running on core 0
21677 µs
Reading Time running on core 0
Reading THR running on core 0
21677 µs
Reading Time running on core 0
Reading THR running on core 0
21676 µs
Reading Time running on core 0
Reading THR running on core 0
21677 µs
Reading Time running on core 0
Reading THR running on core 0
21681 µs
Reading Time running on core 0
Reading THR running on core 0
21685 µs
Reading Time running on core 0
Reading THR running on core 0
21678 µs
Reading Time running on core 0
Reading THR running on core 0
21677 µs
Reading Time running on core 0
Reading THR running on core 0
21677 µs
Reading Time running on core 0
Reading THR running on core 0
21677 µs
Reading Time running on core 0
Reading THR running on core 0
21677 µs
Reading Time running on core 0
Reading THR running on core 0
21677 µs
Reading Time running on core 0
Reading THR running on core 0
21677 µs
Reading Time running on core 0
Reading THR running on core 0
21677 µs
Reading Time running on core 0
Reading THR running on core 0
21677 µs
Reading Time running on core 0
Reading THR running on core 0
21677 µs
Reading Time running on core 0
Reading THR running on core 0
21681 µs
Reading Time running on core 0
Reading THR running on core 0
21693 µs
Reading Time running on core 0
Reading THR running on core 0
22347 µs
Reading Time running on core 0
Reading THR running on core 0
21677 µs
Reading Time running on core 0
Reading THR running on core 0
21677 µs
Reading Time running on core 0
Reading THR running on core 0
21677 µs
Reading Time running on core 0
Reading THR running on core 0
21677 µs
Reading Time running on core 0
Reading THR running on core 0
21677 µs
Reading Time running on core 0
Reading THR running on core 0
21677 µs
Reading Time running on core 0
Reading THR running on core 0
21677 µs
Reading Time running on core 0
Reading THR running on core 0
21677 µs
Reading Time running on core 0
Reading THR running on core 0
21677 µs
Reading Time running on core 0
Reading THR running on core 0
21677 µs
Reading Time running on core 0
Reading THR running on core 0
21680 µs
Reading Time running on core 0
Reading THR running on core 0
21777 µs
Reading Time running on core 0
Reading THR running on core 0
21770 µs
Reading Time running on core 0
Reading THR running on core 0
21770 µs
Reading Time running on core 0
Reading THR running on core 0
21770 µs
Reading Time running on core 0
Reading THR running on core 0
21677 µs
Reading Time running on core 0
Reading THR running on core 0
21682 µs
Reading Time running on core 0
Reading THR running on core 0
21677 µs
Reading Time running on core 0
Reading THR running on core 0
21781 µs
Reading Time running on core 0
Reading THR running on core 0
21677 µs
Reading Time running on core 0
Reading THR running on core 0
21677 µs
Reading Time running on core 0
Reading THR running on core 0
21677 µs
Reading Time running on core 0
Reading THR running on core 0
21677 µs
Reading Time running on core 0
Reading THR running on core 0
21693 µs
Reading Time running on core 0
Reading THR running on core 0
21685 µs
Reading Time running on core 0
Reading THR running on core 0
21677 µs
Reading Time running on core 0
Reading THR running on core 0
21677 µs
Reading Time running on core 0
Reading THR running on core 0
21677 µs
Reading Time running on core 0
Reading THR running on core 0
21676 µs
Reading Time running on core 0
Reading THR running on core 0
21677 µs
Reading Time running on core 0
Reading THR running on core 0
21677 µs
Reading Time running on core 0
Reading THR running on core 0
21677 µs
Reading Time running on core 0
Reading THR running on core 0
21677 µs
Reading Time running on core 0
Reading THR running on core 0
21676 µs
Reading Time running on core 0
Reading THR running on core 0
21677 µs
Reading Time running on core 0
Reading THR running on core 0
21681 µs
Reading Time running on core 0
Reading THR running on core 0
21693 µs
Reading Time running on core 0
Reading THR running on core 0
21701 µs
Reading Time running on core 0
Reading THR running on core 0
21677 µs
Reading Time running on core 0
Reading THR running on core 0
21677 µs
Reading Time running on core 0
Reading THR running on core 0
21677 µs
Reading Time running on core 0
Reading THR running on core 0
21677 µs
Reading Time running on core 0
Reading THR running on core 0
21677 µs
Reading Time running on core 0
Reading THR running on core 0
21677 µs
Reading Time running on core 0
Reading THR running on core 0
21677 µs
Reading Time running on core 0
Reading THR running on core 0
21677 µs
Reading Time running on core 0
Reading THR running on core 0
21677 µs
Reading Time running on core 0
Reading THR running on core 0
21677 µs
Reading Time running on core 0
Reading THR running on core 0
21681 µs
Reading Time running on core 0
Reading THR running on core 0
21777 µs
Reading Time running on core 0
Reading THR running on core 0
21770 µs
Reading Time running on core 0
Reading THR running on core 0
21677 µs
Reading Time running on core 0
Reading THR running on core 0
21677 µs
Reading Time running on core 0
Reading THR running on core 0
21677 µs
Reading Time running on core 0
Reading THR running on core 0
21681 µs
Reading Time running on core 0
Reading THR running on core 0
21676 µs
Reading Time running on core 0
Reading THR running on core 0
21681 µs
Reading Time running on core 0
Reading THR running on core 0
21677 µs
Reading Time running on core 0
Reading THR running on core 0
21677 µs
Reading Time running on core 0
Reading THR running on core 0
21770 µs
Reading Time running on core 0
Reading THR running on core 0
21770 µs
Reading Time running on core 0
Reading THR running on core 0
21785 µs
Reading Time running on core 0
Reading THR running on core 0
21677 µs
Reading Time running on core 0
Reading THR running on core 0
21677 µs
Reading Time running on core 0
Reading THR running on core 0
21677 µs
Reading Time running on core 0
Reading THR running on core 0
21677 µs
Reading Time running on core 0
Reading THR running on core 0
21677 µs
Reading Time running on core 0
Reading THR running on core 0
21677 µs
Reading Time running on core 0
Reading THR running on core 0
21769 µs
Reading Time running on core 0
Reading THR running on core 0
21769 µs
Reading Time running on core 0
Reading THR running on core 0
21769 µs
Reading Time running on core 0
Reading THR running on core 0
21769 µs
Reading Time running on core 0
Reading THR running on core 0
21769 µs
Reading Time running on core 0
Reading THR running on core 0
21774 µs
Reading Time running on core 0
Reading THR running on core 0
21777 µs
Reading Time running on core 0
Reading THR running on core 0
21774 µs
Reading Time running on core 0
Reading THR running on core 0
21770 µs
Reading Time running on core 0
Reading THR running on core 0
21770 µs
Reading Time running on core 0
Reading THR running on core 0
21770 µs
Reading Time running on core 0
Reading THR running on core 0
21770 µs
Reading Time running on core 0
Reading THR running on core 0
21770 µs
Reading Time running on core 0
Reading THR running on core 0
21770 µs
Reading Time running on core 0
Reading THR running on core 0
21770 µs
Reading Time running on core 0
Reading THR running on core 0
21769 µs
Reading Time running on core 0
Reading THR running on core 0
21770 µs
Reading Time running on core 0
Reading THR running on core 0
21769 µs
Reading Time running on core 0
Reading THR running on core 0
21785 µs
Reading Time running on core 0
Reading THR running on core 0
21685 µs
Reading Time running on core 0
Reading THR running on core 0
21677 µs
Reading Time running on core 0
Reading THR running on core 0
21769 µs
Reading Time running on core 0
Reading THR running on core 0
21816 µs
Reading Time running on core 0
Reading THR running on core 0
21728 µs
Reading Time running on core 0
Reading THR running on core 0
21815 µs
Reading Time running on core 0
Reading THR running on core 0
21728 µs
Reading Time running on core 0
Reading THR running on core 0
21774 µs
Reading Time running on core 0
Reading THR running on core 0
21726 µs
Reading Time running on core 0
Reading THR running on core 0
21815 µs
Reading Time running on core 0
Reading THR running on core 0
21726 µs
Reading Time running on core 0
Reading THR running on core 0
21728 µs
Reading Time running on core 0
Reading THR running on core 0
21744 µs
Reading Time running on core 0
Reading THR running on core 0
21726 µs
Reading Time running on core 0
Reading THR running on core 0
21728 µs
Reading Time running on core 0
Reading THR running on core 0
21728 µs
Reading Time running on core 0
Reading THR running on core 0
21728 µs
Reading Time running on core 0
Reading THR running on core 0
21728 µs
Reading Time running on core 0
Reading THR running on core 0
21728 µs
Reading Time running on core 0
Reading THR running on core 0
21727 µs
Reading Time running on core 0
Reading THR running on core 0
21728 µs
Reading Time running on core 0
Reading THR running on core 0
21728 µs
Reading Time running on core 0
Reading THR running on core 0
21728 µs
Reading Time running on core 0
Reading THR running on core 0
21728 µs
Reading Time running on core 0
Reading THR running on core 0
21733 µs
Reading Time running on core 0
Reading THR running on core 0
21736 µs
Reading Time running on core 0
Reading THR running on core 0
21879 µs
Reading Time running on core 0
Reading THR running on core 0
21768 µs
Reading Time running on core 0
Reading THR running on core 0
21728 µs
Reading Time running on core 0
Reading THR running on core 0
21815 µs
Reading Time running on core 0
Reading THR running on core 0
21728 µs
Reading Time running on core 0
Reading THR running on core 0
21728 µs
Reading Time running on core 0
Reading THR running on core 0
21728 µs
Reading Time running on core 0
Reading THR running on core 0
21728 µs
Reading Time running on core 0
Reading THR running on core 0
21728 µs
Reading Time running on core 0
Reading THR running on core 0
21769 µs
Reading Time running on core 0
Reading THR running on core 0
21768 µs
Reading Time running on core 0
Reading THR running on core 0
21784 µs
Reading Time running on core 0
Reading THR running on core 0
21769 µs
Reading Time running on core 0
Reading THR running on core 0
21769 µs
Reading Time running on core 0
Reading THR running on core 0
21815 µs
Reading Time running on core 0
Reading THR running on core 0
21862 µs
Reading Time running on core 0
Reading THR running on core 0
21861 µs
Reading Time running on core 0
Reading THR running on core 0
21773 µs
Reading Time running on core 0
Reading THR running on core 0
21956 µs
Reading Time running on core 0
Reading THR running on core 0
21957 µs
Reading Time running on core 0
Reading THR running on core 0
21862 µs
Reading Time running on core 0
Reading THR running on core 0
21960 µs
Reading Time running on core 0
Reading THR running on core 0
21957 µs
Reading Time running on core 0
Reading THR running on core 0
21960 µs
Reading Time running on core 0
Reading THR running on core 0
21963 µs
Reading Time running on core 0
Reading THR running on core 0
21956 µs
Reading Time running on core 0
Reading THR running on core 0
21956 µs
Reading Time running on core 0
Reading THR running on core 0
21957 µs
Reading Time running on core 0
Reading THR running on core 0
21955 µs
Reading Time running on core 0
Reading THR running on core 0
21956 µs
Reading Time running on core 0
Reading THR running on core 0
21956 µs
Reading Time running on core 0
Reading THR running on core 0
21956 µs
Reading Time running on core 0
Reading THR running on core 0
21727 µs
Reading Time running on core 0
Reading THR running on core 0
21726 µs
Reading Time running on core 0
Reading THR running on core 0
21728 µs
Reading Time running on core 0
Reading THR running on core 0
21956 µs
Reading Time running on core 0
Reading THR running on core 0
21742 µs
Reading Time running on core 0
Reading THR running on core 0
21736 µs
Reading Time running on core 0
Reading THR running on core 0
21725 µs
Reading Time running on core 0
Reading THR running on core 0
21956 µs
Reading Time running on core 0
Reading THR running on core 0
21727 µs
Reading Time running on core 0
Reading THR running on core 0
21728 µs
Reading Time running on core 0
Reading THR running on core 0
21728 µs
Reading Time running on core 0
Reading THR running on core 0
21728 µs
Reading Time running on core 0
Reading THR running on core 0
21726 µs
Reading Time running on core 0
Reading THR running on core 0
21728 µs
Reading Time running on core 0
Reading THR running on core 0
21728 µs
Reading Time running on core 0
Reading THR running on core 0
21726 µs
Reading Time running on core 0
Reading THR running on core 0
21728 µs
Reading Time running on core 0
Reading THR running on core 0
21741 µs
Reading Time running on core 0
Reading THR running on core 0
21815 µs
Reading Time running on core 0
Reading THR running on core 0
21725 µs
Reading Time running on core 0
Reading THR running on core 0
21728 µs
Reading Time running on core 0
Reading THR running on core 0
21728 µs
Reading Time running on core 0
Reading THR running on core 0
21728 µs
Reading Time running on core 0
Reading THR running on core 0
21725 µs
Reading Time running on core 0
Reading THR running on core 0
21725 µs
Reading Time running on core 0
Reading THR running on core 0
21726 µs
Reading Time running on core 0
Reading THR running on core 0
21726 µs
Reading Time running on core 0
Reading THR running on core 0
21819 µs
Reading Time running on core 0
Reading THR running on core 0
21728 µs
Reading Time running on core 0
Reading THR running on core 0
21731 µs
Reading Time running on core 0
Reading THR running on core 0
21736 µs
Reading Time running on core 0
Reading THR running on core 0
21728 µs
Reading Time running on core 0
Reading THR running on core 0
21815 µs
Reading Time running on core 0
Reading THR running on core 0
21815 µs
Reading Time running on core 0
Reading THR running on core 0
21629 µs
Reading Time running on core 0
Reading THR running on core 0
21629 µs
Reading Time running on core 0
Reading THR running on core 0
21726 µs
Reading Time running on core 0
Reading THR running on core 0
21726 µs
Reading Time running on core 0
Reading THR running on core 0
21726 µs
Reading Time running on core 0
Reading THR running on core 0
21726 µs
Reading Time running on core 0
Reading THR running on core 0
21629 µs
Reading Time running on core 0
Reading THR running on core 0
21726 µs
Reading Time running on core 0
Reading THR running on core 0
21741 µs
Reading Time running on core 0
