Connecting to Bratzelwurst
.
WiFi connected.
Sunday, November 20 2022 22:02:05
Time was read from PTB...
WiFi disconnected.
Testlauf
Setup fertig...
Reading THR running on core 0
21540 µs
Reading Time running on core 0
Reading THR running on core 0
21687 µs
Reading Time running on core 0
Reading THR running on core 0
21675 µs
Reading Time running on core 0
Reading THR running on core 0
21766 µs
Reading Time running on core 0
Reading THR running on core 0
21674 µs
Reading Time running on core 0
Reading THR running on core 0
21673 µs
Reading Time running on core 0
Reading THR running on core 0
21674 µs
Reading Time running on core 0
Reading THR running on core 0
21767 µs
Reading Time running on core 0
Reading THR running on core 0
21767 µs
Reading Time running on core 0
Reading THR running on core 0
21768 µs
Reading Time running on core 0
Reading THR running on core 0
21769 µs
Reading Time running on core 0
Reading THR running on core 0
21767 µs
Reading Time running on core 0
Reading THR running on core 0
21768 µs
Reading Time running on core 0
Reading THR running on core 0
21814 µs
Reading Time running on core 0
Reading THR running on core 0
21861 µs
Reading Time running on core 0
Reading THR running on core 0
21767 µs
Reading Time running on core 0
Reading THR running on core 0
21772 µs
Reading Time running on core 0
Reading THR running on core 0
21766 µs
Reading Time running on core 0
Reading THR running on core 0
22377 µs
Reading Time running on core 0
Reading THR running on core 0
21766 µs
Reading Time running on core 0
Reading THR running on core 0
21767 µs
Reading Time running on core 0
Reading THR running on core 0
21767 µs
Reading Time running on core 0
Reading THR running on core 0
21767 µs
Reading Time running on core 0
Reading THR running on core 0
21768 µs
Reading Time running on core 0
Reading THR running on core 0
21767 µs
Reading Time running on core 0
Reading THR running on core 0
21768 µs
Reading Time running on core 0
Reading THR running on core 0
21767 µs
Reading Time running on core 0
Reading THR running on core 0
21767 µs
Reading Time running on core 0
Reading THR running on core 0
21768 µs
Reading Time running on core 0
Reading THR running on core 0
21767 µs
Reading Time running on core 0
Reading THR running on core 0
21767 µs
Reading Time running on core 0
Reading THR running on core 0
21767 µs
Reading Time running on core 0
Reading THR running on core 0
21860 µs
Reading Time running on core 0
Reading THR running on core 0
21859 µs
Reading Time running on core 0
Reading THR running on core 0
21859 µs
Reading Time running on core 0
Reading THR running on core 0
21864 µs
Reading Time running on core 0
Reading THR running on core 0
21860 µs
Reading Time running on core 0
Reading THR running on core 0
22217 µs
