Connecting to Bratzelwurst
.
WiFi connected.
Monday, November 21 2022 17:32:07
Time was read from PTB...
WiFi disconnected.
Testlauf
Setup fertig...
Reading THR running on core 0
21625 µs
Reading Time running on core 0
Reading THR running on core 0
21771 µs
Reading Time running on core 0
Reading THR running on core 0
21774 µs
Reading Time running on core 0
Reading THR running on core 0
21769 µs
Reading Time running on core 0
Reading THR running on core 0
21770 µs
Reading Time running on core 0
Reading THR running on core 0
21769 µs
Reading Time running on core 0
Reading THR running on core 0
21769 µs
Reading Time running on core 0
Reading THR running on core 0
21769 µs
Reading Time running on core 0
Reading THR running on core 0
21769 µs
Reading Time running on core 0
Reading THR running on core 0
21769 µs
Reading Time running on core 0
Reading THR running on core 0
21768 µs
Reading Time running on core 0
Reading THR running on core 0
21768 µs
Reading Time running on core 0
Reading THR running on core 0
21769 µs
Reading Time running on core 0
Reading THR running on core 0
21769 µs
Reading Time running on core 0
Reading THR running on core 0
21770 µs
Reading Time running on core 0
Reading THR running on core 0
21768 µs
Reading Time running on core 0
Reading THR running on core 0
21769 µs
Reading Time running on core 0
Reading THR running on core 0
21768 µs
Reading Time running on core 0
Reading THR running on core 0
21768 µs
Reading Time running on core 0
Reading THR running on core 0
21769 µs
Reading Time running on core 0
Reading THR running on core 0
21769 µs
Reading Time running on core 0
Reading THR running on core 0
21772 µs
Reading Time running on core 0
Reading THR running on core 0
21769 µs
Reading Time running on core 0
Reading THR running on core 0
21769 µs
Reading Time running on core 0
Reading THR running on core 0
21770 µs
Reading Time running on core 0
Reading THR running on core 0
21769 µs
Reading Time running on core 0
Reading THR running on core 0
21769 µs
Reading Time running on core 0
Reading THR running on core 0
21768 µs
Reading Time running on core 0
Reading THR running on core 0
21769 µs
Reading Time running on core 0
Reading THR running on core 0
21770 µs
Reading Time running on core 0
Reading THR running on core 0
21769 µs
Reading Time running on core 0
Reading THR running on core 0
21768 µs
Reading Time running on core 0
Reading THR running on core 0
21769 µs
Reading Time running on core 0
Reading THR running on core 0
21768 µs
Reading Time running on core 0
Reading THR running on core 0
21769 µs
Reading Time running on core 0
Reading THR running on core 0
21768 µs
Reading Time running on core 0
Reading THR running on core 0
21769 µs
Reading Time running on core 0
Reading THR running on core 0
21768 µs
Reading Time running on core 0
Reading THR running on core 0
21769 µs
Reading Time running on core 0
Reading THR running on core 0
21768 µs
Reading Time running on core 0
Reading THR running on core 0
21772 µs
Reading Time running on core 0
Reading THR running on core 0
21769 µs
Reading Time running on core 0
Reading THR running on core 0
21861 µs
Reading Time running on core 0
Reading THR running on core 0
21769 µs
Reading Time running on core 0
Reading THR running on core 0
21769 µs
Reading Time running on core 0
Reading THR running on core 0
21768 µs
Reading Time running on core 0
Reading THR running on core 0
21769 µs
Reading Time running on core 0
Reading THR running on core 0
21769 µs
Reading Time running on core 0
Reading THR running on core 0
21768 µs
Reading Time running on core 0
Reading THR running on core 0
21769 µs
Reading Time running on core 0
Reading THR running on core 0
21770 µs
Reading Time running on core 0
Reading THR running on core 0
21769 µs
Reading Time running on core 0
Reading THR running on core 0
21769 µs
Reading Time running on core 0
Reading THR running on core 0
21770 µs
Reading Time running on core 0
Reading THR running on core 0
21769 µs
Reading Time running on core 0
Reading THR running on core 0
21768 µs
Reading Time running on core 0
Reading THR running on core 0
21769 µs
Reading Time running on core 0
Reading THR running on core 0
21769 µs
Reading Time running on core 0
Reading THR running on core 0
21768 µs
Reading Time running on core 0
Reading THR running on core 0
21773 µs
Reading Time running on core 0
Reading THR running on core 0
21768 µs
Touch Value LUM 0
Luminescence : 700
Reading Time running on core 0
Reading THR running on core 0
22396 µs
Reading Time running on core 0
Reading THR running on core 0
21769 µs
Reading Time running on core 0
Reading THR running on core 0
21770 µs
Reading Time running on core 0
Reading THR running on core 0
21768 µs
Reading Time running on core 0
Reading THR running on core 0
21768 µs
Reading Time running on core 0
Reading THR running on core 0
21768 µs
Reading Time running on core 0
Reading THR running on core 0
21769 µs
Reading Time running on core 0
Reading THR running on core 0
21769 µs
Reading Time running on core 0
Reading THR running on core 0
21769 µs
Reading Time running on core 0
Reading THR running on core 0
21768 µs
Reading Time running on core 0
Reading THR running on core 0
21768 µs
Reading Time running on core 0
Reading THR running on core 0
21769 µs
Reading Time running on core 0
Reading THR running on core 0
21768 µs
Reading Time running on core 0
Reading THR running on core 0
21770 µs
Reading Time running on core 0
Reading THR running on core 0
21768 µs
Reading Time running on core 0
Reading THR running on core 0
21769 µs
Reading Time running on core 0
Reading THR running on core 0
21768 µs
Reading Time running on core 0
Reading THR running on core 0
21772 µs
Reading Time running on core 0
Reading THR running on core 0
21768 µs
Reading Time running on core 0
Reading THR running on core 0
22163 µs
Reading Time running on core 0
Reading THR running on core 0
21770 µs
Reading Time running on core 0
Reading THR running on core 0
21769 µs
Reading Time running on core 0
Reading THR running on core 0
21768 µs
Reading Time running on core 0
Reading THR running on core 0
21769 µs
Reading Time running on core 0
Reading THR running on core 0
21769 µs
Reading Time running on core 0
Reading THR running on core 0
21769 µs
Reading Time running on core 0
Reading THR running on core 0
21768 µs
Reading Time running on core 0
Reading THR running on core 0
21769 µs
Reading Time running on core 0
Reading THR running on core 0
21769 µs
Reading Time running on core 0
Reading THR running on core 0
21769 µs
Reading Time running on core 0
Reading THR running on core 0
21769 µs
Reading Time running on core 0
Reading THR running on core 0
21769 µs
Reading Time running on core 0
Reading THR running on core 0
21769 µs
Reading Time running on core 0
Reading THR running on core 0
21768 µs
Reading Time running on core 0
Reading THR running on core 0
21769 µs
Reading Time running on core 0
Reading THR running on core 0
21769 µs
Reading Time running on core 0
Reading THR running on core 0
21772 µs
Reading Time running on core 0
Reading THR running on core 0
21769 µs
Reading Time running on core 0
Reading THR running on core 0
21795 µs
Reading Time running on core 0
Reading THR running on core 0
21769 µs
Reading Time running on core 0
Reading THR running on core 0
21768 µs
Reading Time running on core 0
Reading THR running on core 0
21768 µs
Reading Time running on core 0
Reading THR running on core 0
21768 µs
Reading Time running on core 0
Reading THR running on core 0
21768 µs
Reading Time running on core 0
Reading THR running on core 0
21769 µs
Reading Time running on core 0
Reading THR running on core 0
21768 µs
Reading Time running on core 0
Reading THR running on core 0
21768 µs
Reading Time running on core 0
Reading THR running on core 0
21861 µs
Reading Time running on core 0
Reading THR running on core 0
21769 µs
Reading Time running on core 0
Reading THR running on core 0
21769 µs
Reading Time running on core 0
Reading THR running on core 0
21815 µs
Reading Time running on core 0
Reading THR running on core 0
21861 µs
Reading Time running on core 0
Reading THR running on core 0
21815 µs
Reading Time running on core 0
Reading THR running on core 0
21861 µs
Reading Time running on core 0
Reading THR running on core 0
21815 µs
Reading Time running on core 0
Reading THR running on core 0
21680 µs
Reading Time running on core 0
Reading THR running on core 0
21769 µs
Reading Time running on core 0
Reading THR running on core 0
21819 µs
Reading Time running on core 0
Reading THR running on core 0
21768 µs
Reading Time running on core 0
Reading THR running on core 0
21814 µs
Reading Time running on core 0
Reading THR running on core 0
21770 µs
Reading Time running on core 0
Reading THR running on core 0
21816 µs
Reading Time running on core 0
Reading THR running on core 0
21769 µs
Reading Time running on core 0
Reading THR running on core 0
21769 µs
Reading Time running on core 0
Reading THR running on core 0
21769 µs
Reading Time running on core 0
Reading THR running on core 0
21768 µs
Reading Time running on core 0
Reading THR running on core 0
21768 µs
Reading Time running on core 0
Reading THR running on core 0
21769 µs
Reading Time running on core 0
Reading THR running on core 0
21815 µs
Reading Time running on core 0
Reading THR running on core 0
21862 µs
Reading Time running on core 0
Reading THR running on core 0
21769 µs
Reading Time running on core 0
Reading THR running on core 0
21956 µs
Reading Time running on core 0
Reading THR running on core 0
21727 µs
Reading Time running on core 0
Reading THR running on core 0
21861 µs
Reading Time running on core 0
Reading THR running on core 0
21726 µs
Reading Time running on core 0
Reading THR running on core 0
21861 µs
Reading Time running on core 0
Reading THR running on core 0
21819 µs
Reading Time running on core 0
Reading THR running on core 0
21861 µs
Reading Time running on core 0
Reading THR running on core 0
21861 µs
Reading Time running on core 0
Reading THR running on core 0
21957 µs
Reading Time running on core 0
Reading THR running on core 0
21910 µs
Reading Time running on core 0
Reading THR running on core 0
21815 µs
Reading Time running on core 0
Reading THR running on core 0
21768 µs
Reading Time running on core 0
Reading THR running on core 0
21956 µs
Reading Time running on core 0
Reading THR running on core 0
22003 µs
Reading Time running on core 0
Reading THR running on core 0
21957 µs
Reading Time running on core 0
Reading THR running on core 0
21910 µs
Reading Time running on core 0
Reading THR running on core 0
21862 µs
Reading Time running on core 0
Reading THR running on core 0
21769 µs
Reading Time running on core 0
Reading THR running on core 0
21769 µs
Reading Time running on core 0
Reading THR running on core 0
21768 µs
Reading Time running on core 0
Reading THR running on core 0
21768 µs
Reading Time running on core 0
Reading THR running on core 0
21770 µs
Reading Time running on core 0
Reading THR running on core 0
21768 µs
Reading Time running on core 0
Reading THR running on core 0
21769 µs
Reading Time running on core 0
Reading THR running on core 0
21819 µs
Reading Time running on core 0
Reading THR running on core 0
21727 µs
Reading Time running on core 0
Reading THR running on core 0
21815 µs
Reading Time running on core 0
Reading THR running on core 0
21729 µs
Reading Time running on core 0
Reading THR running on core 0
21910 µs
Reading Time running on core 0
Reading THR running on core 0
21816 µs
Reading Time running on core 0
Reading THR running on core 0
21729 µs
Reading Time running on core 0
Reading THR running on core 0
21816 µs
Reading Time running on core 0
Reading THR running on core 0
21816 µs
Reading Time running on core 0
Reading THR running on core 0
21861 µs
Reading Time running on core 0
Reading THR running on core 0
21815 µs
Reading Time running on core 0
Reading THR running on core 0
21815 µs
Reading Time running on core 0
Reading THR running on core 0
21815 µs
Reading Time running on core 0
Reading THR running on core 0
21956 µs
Reading Time running on core 0
Reading THR running on core 0
21862 µs
Reading Time running on core 0
Reading THR running on core 0
21861 µs
Reading Time running on core 0
Reading THR running on core 0
21816 µs
Reading Time running on core 0
Reading THR running on core 0
21769 µs
Reading Time running on core 0
Reading THR running on core 0
21861 µs
Reading Time running on core 0
Reading THR running on core 0
21962 µs
Reading Time running on core 0
Reading THR running on core 0
21815 µs
Reading Time running on core 0
Reading THR running on core 0
21861 µs
Reading Time running on core 0
Reading THR running on core 0
21861 µs
Reading Time running on core 0
Reading THR running on core 0
21861 µs
Reading Time running on core 0
Reading THR running on core 0
21769 µs
Reading Time running on core 0
Reading THR running on core 0
21861 µs
Reading Time running on core 0
Reading THR running on core 0
21815 µs
Reading Time running on core 0
Reading THR running on core 0
21910 µs
Reading Time running on core 0
Reading THR running on core 0
21862 µs
Reading Time running on core 0
Reading THR running on core 0
21955 µs
Reading Time running on core 0
Reading THR running on core 0
21727 µs
Reading Time running on core 0
Reading THR running on core 0
21769 µs
Reading Time running on core 0
Reading THR running on core 0
21769 µs
Reading Time running on core 0
Reading THR running on core 0
21862 µs
Reading Time running on core 0
Reading THR running on core 0
21815 µs
Reading Time running on core 0
Reading THR running on core 0
21814 µs
Reading Time running on core 0
Reading THR running on core 0
21815 µs
Reading Time running on core 0
Reading THR running on core 0
21816 µs
Reading Time running on core 0
Reading THR running on core 0
21864 µs
Reading Time running on core 0
Guru Meditation Error: Core  1 panic'ed (LoadProhibited). Exception was unhandled.

Core  1 register dump:
PC      : 0x400d31a8  PS      : 0x00060b30  A0      : 0x800d8e44  A1      : 0x3ffce130  
A2      : 0x3ffc3b94  A3      : 0x3ffbdc98  A4      : 0x3ffc3b98  A5      : 0x3ffbdb80  
A6      : 0x00000002  A7      : 0x80000001  A8      : 0xa66241d0  A9      : 0x3ffbdc98  
A10     : 0x00000016  A11     : 0x00000000  A12     : 0x00000003  A13     : 0x3ffce0cc  
A14     : 0x3ffc43dc  A15     : 0x3ffce0cc  SAR     : 0x00000014  EXCCAUSE: 0x0000001c  
EXCVADDR: 0xa66241d0  LBEG    : 0x400849e1  LEND    : 0x400849e9  LCOUNT  : 0x00000027  


Backtrace:0x400d31a5:0x3ffce1300x400d8e41:0x3ffce150 




ELF file SHA256: 0000000000000000

Rebooting...
ets Jun  8 2016 00:22:57

rst:0xc (SW_CPU_RESET),boot:0x17 (SPI_FAST_FLASH_BOOT)
configsip: 0, SPIWP:0xee
clk_drv:0x00,q_drv:0x00,d_drv:0x00,cs0_drv:0x00,hd_drv:0x00,wp_drv:0x00
mode:DIO, clock div:2
load:0x3fff0030,len:1184
load:0x40078000,len:13132
load:0x40080400,len:3036
entry 0x400805e4
Connecting to Bratzelwurst
.
WiFi connected.
Monday, November 21 2022 18:04:35
Time was read from PTB...
WiFi disconnected.
Testlauf
Setup fertig...
Reading THR running on core 0
21673 µs
Reading Time running on core 0
Reading THR running on core 0
21951 µs
Reading Time running on core 0
Reading THR running on core 0
21909 µs
Reading Time running on core 0
Reading THR running on core 0
21685 µs
Reading Time running on core 0
Reading THR running on core 0
21815 µs
Reading Time running on core 0
Reading THR running on core 0
21729 µs
Reading Time running on core 0
Reading THR running on core 0
21829 µs
Reading Time running on core 0
Reading THR running on core 0
21727 µs
Reading Time running on core 0
Reading THR running on core 0
21769 µs
Reading Time running on core 0
Reading THR running on core 0
21816 µs
Reading Time running on core 0
Reading THR running on core 0
21769 µs
Reading Time running on core 0
Reading THR running on core 0
21862 µs
Reading Time running on core 0
Reading THR running on core 0
21680 µs
Reading Time running on core 0
Reading THR running on core 0
21822 µs
Reading Time running on core 0
Reading THR running on core 0
21911 µs
Reading Time running on core 0
Reading THR running on core 0
21816 µs
Reading Time running on core 0
Reading THR running on core 0
21730 µs
Reading Time running on core 0
Reading THR running on core 0
21911 µs
Reading Time running on core 0
Reading THR running on core 0
21861 µs
Reading Time running on core 0
Reading THR running on core 0
21768 µs
Reading Time running on core 0
Reading THR running on core 0
21774 µs
Reading Time running on core 0
Reading THR running on core 0
21816 µs
Reading Time running on core 0
Reading THR running on core 0
21816 µs
Reading Time running on core 0
Reading THR running on core 0
21957 µs
Reading Time running on core 0
Reading THR running on core 0
21727 µs
Reading Time running on core 0
Reading THR running on core 0
21826 µs
Reading Time running on core 0
Reading THR running on core 0
21918 µs
Reading Time running on core 0
Reading THR running on core 0
21769 µs
Reading Time running on core 0
Reading THR running on core 0
21911 µs
Reading Time running on core 0
Reading THR running on core 0
21815 µs
Reading Time running on core 0
Reading THR running on core 0
21816 µs
Reading Time running on core 0
Reading THR running on core 0
21770 µs
Reading Time running on core 0
Reading THR running on core 0
21861 µs
Reading Time running on core 0
Reading THR running on core 0
21815 µs
Reading Time running on core 0
Reading THR running on core 0
21816 µs
Reading Time running on core 0
Reading THR running on core 0
21816 µs
Reading Time running on core 0
Reading THR running on core 0
21815 µs
Reading Time running on core 0
Reading THR running on core 0
21817 µs
Reading Time running on core 0
Reading THR running on core 0
21735 µs
Reading Time running on core 0
Reading THR running on core 0
21768 µs
Reading Time running on core 0
Reading THR running on core 0
21770 µs
Reading Time running on core 0
Reading THR running on core 0
21770 µs
Reading Time running on core 0
Reading THR running on core 0
21770 µs
Reading Time running on core 0
Reading THR running on core 0
21770 µs
Reading Time running on core 0
Touch Value LUM 0
Luminescence : 700
Reading THR running on core 0
21862 µs
Reading Time running on core 0
Reading THR running on core 0
21814 µs
Reading Time running on core 0
Reading THR running on core 0
21770 µs
Reading Time running on core 0
Reading THR running on core 0
21816 µs
Reading Time running on core 0
Reading THR running on core 0
21729 µs
Reading Time running on core 0
Reading THR running on core 0
21817 µs
Reading Time running on core 0
Reading THR running on core 0
21820 µs
Reading Time running on core 0
Reading THR running on core 0
21735 µs
Reading Time running on core 0
Reading THR running on core 0
21770 µs
Reading Time running on core 0
Reading THR running on core 0
21816 µs
Reading Time running on core 0
Reading THR running on core 0
21769 µs
Reading Time running on core 0
Reading THR running on core 0
21770 µs
Reading Time running on core 0
Reading THR running on core 0
21769 µs
Reading Time running on core 0
Reading THR running on core 0
21770 µs
Reading Time running on core 0
Reading THR running on core 0
21769 µs
Reading Time running on core 0
Reading THR running on core 0
21815 µs
Reading Time running on core 0
Reading THR running on core 0
21816 µs
Reading Time running on core 0
Reading THR running on core 0
21724 µs
Reading Time running on core 0
Reading THR running on core 0
21768 µs
Reading Time running on core 0
Reading THR running on core 0
21828 µs
Reading Time running on core 0
Reading THR running on core 0
21814 µs
Reading Time running on core 0
Reading THR running on core 0
21724 µs
Reading Time running on core 0
Reading THR running on core 0
21861 µs
Reading Time running on core 0
Reading THR running on core 0
21769 µs
Reading Time running on core 0
Reading THR running on core 0
21730 µs
Reading Time running on core 0
Reading THR running on core 0
21816 µs
Reading Time running on core 0
Reading THR running on core 0
21817 µs
Reading Time running on core 0
Reading THR running on core 0
21816 µs
Reading Time running on core 0
Reading THR running on core 0
21816 µs
Reading Time running on core 0
Reading THR running on core 0
21769 µs
Reading Time running on core 0
Reading THR running on core 0
21862 µs
Reading Time running on core 0
Reading THR running on core 0
21819 µs
Reading Time running on core 0
Reading THR running on core 0
21824 µs
Reading Time running on core 0
Reading THR running on core 0
21769 µs
Reading Time running on core 0
Reading THR running on core 0
21862 µs
Reading Time running on core 0
Reading THR running on core 0
22448 µs
Reading Time running on core 0
Reading THR running on core 0
21816 µs
Reading Time running on core 0
Reading THR running on core 0
21815 µs
Reading Time running on core 0
Reading THR running on core 0
21770 µs
Reading Time running on core 0
Reading THR running on core 0
21816 µs
Reading Time running on core 0
Reading THR running on core 0
21816 µs
Reading Time running on core 0
Reading THR running on core 0
21862 µs
Reading Time running on core 0
Reading THR running on core 0
21768 µs
Reading Time running on core 0
Reading THR running on core 0
21770 µs
Reading Time running on core 0
Reading THR running on core 0
21741 µs
Reading Time running on core 0
Reading THR running on core 0
21870 µs
Reading Time running on core 0
Reading THR running on core 0
21815 µs
Reading Time running on core 0
Reading THR running on core 0
21815 µs
Reading Time running on core 0
Reading THR running on core 0
21816 µs
Reading Time running on core 0
Reading THR running on core 0
21770 µs
Reading Time running on core 0
Reading THR running on core 0
21816 µs
Reading Time running on core 0
Reading THR running on core 0
21769 µs
Reading Time running on core 0
Reading THR running on core 0
22173 µs
Reading Time running on core 0
Reading THR running on core 0
21769 µs
Reading Time running on core 0
Reading THR running on core 0
22436 µs
Reading Time running on core 0
Reading THR running on core 0
21815 µs
Reading Time running on core 0
Reading THR running on core 0
21815 µs
Reading Time running on core 0
Reading THR running on core 0
21780 µs
Reading Time running on core 0
Reading THR running on core 0
21724 µs
Reading Time running on core 0
Reading THR running on core 0
21768 µs
Reading Time running on core 0
Reading THR running on core 0
21730 µs
Reading Time running on core 0
Reading THR running on core 0
21770 µs
Reading Time running on core 0
Reading THR running on core 0
21861 µs
Reading Time running on core 0
Reading THR running on core 0
21815 µs
Reading Time running on core 0
Reading THR running on core 0
21769 µs
Reading Time running on core 0
Reading THR running on core 0
21770 µs
Reading Time running on core 0
Reading THR running on core 0
21816 µs
Reading Time running on core 0
Reading THR running on core 0
21816 µs
Reading Time running on core 0
Reading THR running on core 0
21816 µs
Reading Time running on core 0
Reading THR running on core 0
21819 µs
Reading Time running on core 0
Reading THR running on core 0
21776 µs
Reading Time running on core 0
Reading THR running on core 0
21978 µs
Reading Time running on core 0
Reading THR running on core 0
21815 µs
Reading Time running on core 0
Reading THR running on core 0
22405 µs
Reading Time running on core 0
Reading THR running on core 0
21769 µs
Reading Time running on core 0
Reading THR running on core 0
21724 µs
Reading Time running on core 0
Reading THR running on core 0
21814 µs
Reading Time running on core 0
Reading THR running on core 0
21677 µs
Reading Time running on core 0
Reading THR running on core 0
21769 µs
Reading Time running on core 0
Reading THR running on core 0
21769 µs
Reading Time running on core 0
Reading THR running on core 0
21862 µs
Reading Time running on core 0
Reading THR running on core 0
21769 µs
Reading Time running on core 0
Reading THR running on core 0
21873 µs
Reading Time running on core 0
Reading THR running on core 0
21769 µs
Reading Time running on core 0
Reading THR running on core 0
21863 µs
Reading Time running on core 0
Reading THR running on core 0
21769 µs
Reading Time running on core 0
Reading THR running on core 0
21815 µs
Reading Time running on core 0
Reading THR running on core 0
21816 µs
Reading Time running on core 0
Reading THR running on core 0
21817 µs
Reading Time running on core 0
Reading THR running on core 0
21770 µs
Reading Time running on core 0
Reading THR running on core 0
21773 µs
Reading Time running on core 0
Reading THR running on core 0
21769 µs
Reading Time running on core 0
Reading THR running on core 0
21773 µs
Reading Time running on core 0
Reading THR running on core 0
21729 µs
Reading Time running on core 0
Reading THR running on core 0
21820 µs
Reading Time running on core 0
Reading THR running on core 0
21870 µs
Reading Time running on core 0
Reading THR running on core 0
21676 µs
Reading Time running on core 0
Reading THR running on core 0
21769 µs
Reading Time running on core 0
Reading THR running on core 0
21723 µs
Reading Time running on core 0
Reading THR running on core 0
21861 µs
Reading Time running on core 0
Reading THR running on core 0
21816 µs
Reading Time running on core 0
Reading THR running on core 0
21724 µs
Reading Time running on core 0
Reading THR running on core 0
21861 µs
Reading Time running on core 0
Reading THR running on core 0
21769 µs
Reading Time running on core 0
Reading THR running on core 0
21769 µs
Reading Time running on core 0
Reading THR running on core 0
21724 µs
Reading Time running on core 0
Reading THR running on core 0
21861 µs
Reading Time running on core 0
Reading THR running on core 0
21781 µs
Reading Time running on core 0
Reading THR running on core 0
21824 µs
Reading Time running on core 0
Reading THR running on core 0
21820 µs
Reading Time running on core 0
Reading THR running on core 0
21727 µs
Reading Time running on core 0
Reading THR running on core 0
21820 µs
Reading Time running on core 0
Reading THR running on core 0
21727 µs
Reading Time running on core 0
Reading THR running on core 0
21767 µs
Reading Time running on core 0
Reading THR running on core 0
21862 µs
Reading Time running on core 0
Reading THR running on core 0
21814 µs
Reading Time running on core 0
Reading THR running on core 0
21816 µs
Reading Time running on core 0
Reading THR running on core 0
21676 µs
Reading Time running on core 0
Reading THR running on core 0
21861 µs
Reading Time running on core 0
Reading THR running on core 0
21815 µs
Reading Time running on core 0
Reading THR running on core 0
21781 µs
Reading Time running on core 0
Reading THR running on core 0
21770 µs
Reading Time running on core 0
Reading THR running on core 0
21730 µs
Reading Time running on core 0
Reading THR running on core 0
21724 µs
Reading Time running on core 0
Reading THR running on core 0
21815 µs
Reading Time running on core 0
Reading THR running on core 0
21816 µs
Reading Time running on core 0
Reading THR running on core 0
21817 µs
Reading Time running on core 0
Reading THR running on core 0
21724 µs
Reading Time running on core 0
Reading THR running on core 0
21773 µs
Reading Time running on core 0
Reading THR running on core 0
21770 µs
Reading Time running on core 0
Reading THR running on core 0
21773 µs
Reading Time running on core 0
Reading THR running on core 0
21769 µs
Reading Time running on core 0
Reading THR running on core 0
21820 µs
Reading Time running on core 0
Reading THR running on core 0
21776 µs
Reading Time running on core 0
Reading THR running on core 0
21816 µs
Reading Time running on core 0
Reading THR running on core 0
21770 µs
Reading Time running on core 0
Reading THR running on core 0
21911 µs
Reading Time running on core 0
Reading THR running on core 0
21768 µs
Reading Time running on core 0
Reading THR running on core 0
21816 µs
Reading Time running on core 0
Reading THR running on core 0
21815 µs
Reading Time running on core 0
Reading THR running on core 0
21816 µs
Reading Time running on core 0
Reading THR running on core 0
21815 µs
Reading Time running on core 0
Reading THR running on core 0
21769 µs
Reading Time running on core 0
Reading THR running on core 0
21730 µs
Reading Time running on core 0
Reading THR running on core 0
21770 µs
Reading Time running on core 0
Reading THR running on core 0
21781 µs
Reading Time running on core 0
Reading THR running on core 0
21769 µs
Reading Time running on core 0
Reading THR running on core 0
21865 µs
Reading Time running on core 0
Reading THR running on core 0
21676 µs
Reading Time running on core 0
Reading THR running on core 0
21730 µs
Reading Time running on core 0
Reading THR running on core 0
21770 µs
Reading Time running on core 0
Reading THR running on core 0
21816 µs
Reading Time running on core 0
Reading THR running on core 0
21815 µs
Reading Time running on core 0
Reading THR running on core 0
21770 µs
Reading Time running on core 0
Reading THR running on core 0
21769 µs
Reading Time running on core 0
Reading THR running on core 0
21815 µs
Reading Time running on core 0
Reading THR running on core 0
21769 µs
Reading Time running on core 0
Reading THR running on core 0
21774 µs
Reading Time running on core 0
Reading THR running on core 0
21737 µs
Reading Time running on core 0
Reading THR running on core 0
21724 µs
Reading Time running on core 0
Reading THR running on core 0
21769 µs
Reading Time running on core 0
Reading THR running on core 0
21729 µs
Reading Time running on core 0
Reading THR running on core 0
21723 µs
Reading Time running on core 0
Reading THR running on core 0
21860 µs
Reading Time running on core 0
Reading THR running on core 0
21862 µs
Reading Time running on core 0
Reading THR running on core 0
21768 µs
Reading Time running on core 0
Reading THR running on core 0
21774 µs
Reading Time running on core 0
Reading THR running on core 0
21768 µs
Reading Time running on core 0
Reading THR running on core 0
21937 µs
Reading Time running on core 0
Reading THR running on core 0
21768 µs
Reading Time running on core 0
Reading THR running on core 0
21873 µs
Reading Time running on core 0
Reading THR running on core 0
21824 µs
Reading Time running on core 0
Reading THR running on core 0
21815 µs
Reading Time running on core 0
Reading THR running on core 0
21816 µs
Reading Time running on core 0
Reading THR running on core 0
21816 µs
Reading Time running on core 0
Reading THR running on core 0
21770 µs
Reading Time running on core 0
Reading THR running on core 0
21730 µs
Reading Time running on core 0
Reading THR running on core 0
21730 µs
Reading Time running on core 0
Reading THR running on core 0
21770 µs
Reading Time running on core 0
Reading THR running on core 0
21768 µs
Reading Time running on core 0
Reading THR running on core 0
21676 µs
Reading Time running on core 0
Reading THR running on core 0
21814 µs
Reading Time running on core 0
Reading THR running on core 0
21862 µs
Reading Time running on core 0
Reading THR running on core 0
21780 µs
Reading Time running on core 0
Reading THR running on core 0
21770 µs
Reading Time running on core 0
Reading THR running on core 0
21774 µs
Reading Time running on core 0
Reading THR running on core 0
21769 µs
Reading Time running on core 0
Reading THR running on core 0
21859 µs
Reading Time running on core 0
Reading THR running on core 0
21860 µs
Reading Time running on core 0
Reading THR running on core 0
21768 µs
Reading Time running on core 0
Reading THR running on core 0
21817 µs
Reading Time running on core 0
Reading THR running on core 0
21815 µs
Reading Time running on core 0
Reading THR running on core 0
21816 µs
Reading Time running on core 0
Reading THR running on core 0
21815 µs
Reading Time running on core 0
Reading THR running on core 0
21771 µs
Reading Time running on core 0
Reading THR running on core 0
21866 µs
Reading Time running on core 0
Reading THR running on core 0
21735 µs
Reading Time running on core 0
Reading THR running on core 0
21675 µs
Reading Time running on core 0
Reading THR running on core 0
21769 µs
Reading Time running on core 0
Reading THR running on core 0
21770 µs
Reading Time running on core 0
Reading THR running on core 0
21769 µs
Reading Time running on core 0
Reading THR running on core 0
21816 µs
Reading Time running on core 0
Reading THR running on core 0
21862 µs
Reading Time running on core 0
Reading THR running on core 0
21676 µs
Reading Time running on core 0
Reading THR running on core 0
21772 µs
Reading Time running on core 0
Reading THR running on core 0
21816 µs
Reading Time running on core 0
Reading THR running on core 0
21244 µs
Reading Time running on core 0
Reading THR running on core 0
21862 µs
Reading Time running on core 0
Reading THR running on core 0
21826 µs
Reading Time running on core 0
Reading THR running on core 0
21816 µs
Reading Time running on core 0
Reading THR running on core 0
21816 µs
Reading Time running on core 0
Reading THR running on core 0
21910 µs
Reading Time running on core 0
Reading THR running on core 0
21769 µs
Reading Time running on core 0
Reading THR running on core 0
21862 µs
Reading Time running on core 0
Reading THR running on core 0
21768 µs
Reading Time running on core 0
Reading THR running on core 0
21769 µs
Reading Time running on core 0
Reading THR running on core 0
21816 µs
Reading Time running on core 0
Reading THR running on core 0
21861 µs
Reading Time running on core 0
Reading THR running on core 0
21727 µs
Reading Time running on core 0
Reading THR running on core 0
21769 µs
Reading Time running on core 0
Reading THR running on core 0
21773 µs
Reading Time running on core 0
Reading THR running on core 0
21824 µs
Reading Time running on core 0
Reading THR running on core 0
21769 µs
Reading Time running on core 0
Reading THR running on core 0
21819 µs
Reading Time running on core 0
Reading THR running on core 0
21815 µs
Reading Time running on core 0
Reading THR running on core 0
21815 µs
Reading Time running on core 0
Reading THR running on core 0
21815 µs
Reading Time running on core 0
Reading THR running on core 0
21910 µs
Reading Time running on core 0
Reading THR running on core 0
21727 µs
Reading Time running on core 0
Reading THR running on core 0
21769 µs
Reading Time running on core 0
Reading THR running on core 0
21862 µs
Reading Time running on core 0
Reading THR running on core 0
21769 µs
Reading Time running on core 0
Reading THR running on core 0
21769 µs
Reading Time running on core 0
Reading THR running on core 0
21781 µs
Reading Time running on core 0
Reading THR running on core 0
21823 µs
Reading Time running on core 0
Reading THR running on core 0
21730 µs
Reading Time running on core 0
Reading THR running on core 0
21910 µs
Reading Time running on core 0
Reading THR running on core 0
21727 µs
Reading Time running on core 0
Reading THR running on core 0
21910 µs
Reading Time running on core 0
Reading THR running on core 0
21768 µs
Reading Time running on core 0
Reading THR running on core 0
21769 µs
Reading Time running on core 0
Reading THR running on core 0
21769 µs
Reading Time running on core 0
Reading THR running on core 0
21862 µs
Reading Time running on core 0
Reading THR running on core 0
21910 µs
Reading Time running on core 0
Reading THR running on core 0
21769 µs
Reading Time running on core 0
Reading THR running on core 0
21769 µs
Reading Time running on core 0
Reading THR running on core 0
21874 µs
Reading Time running on core 0
Reading THR running on core 0
21814 µs
Reading Time running on core 0
Reading THR running on core 0
21863 µs
Reading Time running on core 0
Reading THR running on core 0
21768 µs
Reading Time running on core 0
Reading THR running on core 0
21816 µs
Reading Time running on core 0
Reading THR running on core 0
21815 µs
Reading Time running on core 0
Reading THR running on core 0
21911 µs
Reading Time running on core 0
Reading THR running on core 0
21814 µs
Reading Time running on core 0
Reading THR running on core 0
21770 µs
Reading Time running on core 0
Reading THR running on core 0
21769 µs
Reading Time running on core 0
Reading THR running on core 0
21769 µs
Reading Time running on core 0
Reading THR running on core 0
21862 µs
Reading Time running on core 0
Reading THR running on core 0
21772 µs
Reading Time running on core 0
Reading THR running on core 0
21777 µs
Reading Time running on core 0
Reading THR running on core 0
21862 µs
Reading Time running on core 0
Reading THR running on core 0
21815 µs
Reading Time running on core 0
Reading THR running on core 0
21815 µs
Reading Time running on core 0
Reading THR running on core 0
22321 µs
Reading Time running on core 0
Reading THR running on core 0
21909 µs
Reading Time running on core 0
Reading THR running on core 0
21727 µs
Reading Time running on core 0
Reading THR running on core 0
21814 µs
Reading Time running on core 0
Reading THR running on core 0
21770 µs
Reading Time running on core 0
Reading THR running on core 0
21816 µs
Reading Time running on core 0
Reading THR running on core 0
21815 µs
Reading Time running on core 0
Reading THR running on core 0
21815 µs
Reading Time running on core 0
Reading THR running on core 0
21735 µs
Reading Time running on core 0
Reading THR running on core 0
21860 µs
Reading Time running on core 0
Reading THR running on core 0
21769 µs
Reading Time running on core 0
Reading THR running on core 0
21862 µs
Reading Time running on core 0
Reading THR running on core 0
21677 µs
Reading Time running on core 0
Reading THR running on core 0
21768 µs
Reading Time running on core 0
Reading THR running on core 0
21910 µs
Reading Time running on core 0
Reading THR running on core 0
21769 µs
Reading Time running on core 0
Reading THR running on core 0
21862 µs
Reading Time running on core 0
Reading THR running on core 0
21768 µs
Reading Time running on core 0
Reading THR running on core 0
21861 µs
Reading Time running on core 0
Reading THR running on core 0
21818 µs
Reading Time running on core 0
Reading THR running on core 0
21864 µs
Reading Time running on core 0
Reading THR running on core 0
21735 µs
Reading Time running on core 0
Reading THR running on core 0
21815 µs
Reading Time running on core 0
Reading THR running on core 0
21862 µs
Reading Time running on core 0
Reading THR running on core 0
21860 µs
Reading Time running on core 0
Reading THR running on core 0
21861 µs
Reading Time running on core 0
Reading THR running on core 0
21676 µs
Reading Time running on core 0
Reading THR running on core 0
21860 µs
Reading Time running on core 0
Reading THR running on core 0
21727 µs
Reading Time running on core 0
Reading THR running on core 0
21769 µs
Reading Time running on core 0
Reading THR running on core 0
21770 µs
Reading Time running on core 0
Reading THR running on core 0
21769 µs
Reading Time running on core 0
Reading THR running on core 0
21770 µs
Reading Time running on core 0
Reading THR running on core 0
21781 µs
Reading Time running on core 0
Reading THR running on core 0
21684 µs
Reading Time running on core 0
Reading THR running on core 0
21768 µs
Reading Time running on core 0
Reading THR running on core 0
21816 µs
Reading Time running on core 0
Reading THR running on core 0
21769 µs
Reading Time running on core 0
Reading THR running on core 0
21953 µs
Reading Time running on core 0
Reading THR running on core 0
21861 µs
Reading Time running on core 0
Reading THR running on core 0
21861 µs
Reading Time running on core 0
Reading THR running on core 0
21861 µs
Reading Time running on core 0
Reading THR running on core 0
21727 µs
Reading Time running on core 0
Reading THR running on core 0
21816 µs
Reading Time running on core 0
Reading THR running on core 0
21770 µs
Reading Time running on core 0
Reading THR running on core 0
21815 µs
Reading Time running on core 0
Reading THR running on core 0
21734 µs
Reading Time running on core 0
Reading THR running on core 0
21814 µs
Reading Time running on core 0
Reading THR running on core 0
21729 µs
Reading Time running on core 0
Reading THR running on core 0
21815 µs
Reading Time running on core 0
Reading THR running on core 0
21677 µs
Reading Time running on core 0
Reading THR running on core 0
21860 µs
Reading Time running on core 0
Reading THR running on core 0
21861 µs
Reading Time running on core 0
Reading THR running on core 0
21677 µs
Reading Time running on core 0
Reading THR running on core 0
21727 µs
Reading Time running on core 0
Reading THR running on core 0
21768 µs
Reading Time running on core 0
Reading THR running on core 0
21816 µs
Reading Time running on core 0
Reading THR running on core 0
21820 µs
Reading Time running on core 0
Reading THR running on core 0
21818 µs
Reading Time running on core 0
Reading THR running on core 0
21735 µs
Reading Time running on core 0
Reading THR running on core 0
21813 µs
Reading Time running on core 0
Reading THR running on core 0
21729 µs
Reading Time running on core 0
Reading THR running on core 0
21770 µs
Reading Time running on core 0
Reading THR running on core 0
21815 µs
Reading Time running on core 0
Reading THR running on core 0
21862 µs
Reading Time running on core 0
Reading THR running on core 0
21727 µs
Reading Time running on core 0
Reading THR running on core 0
21815 µs
Reading Time running on core 0
Reading THR running on core 0
21770 µs
Reading Time running on core 0
Reading THR running on core 0
21676 µs
Reading Time running on core 0
Reading THR running on core 0
21815 µs
Reading Time running on core 0
Reading THR running on core 0
21770 µs
Reading Time running on core 0
Reading THR running on core 0
21780 µs
Reading Time running on core 0
Reading THR running on core 0
21816 µs
Reading Time running on core 0
Reading THR running on core 0
21770 µs
Reading Time running on core 0
Reading THR running on core 0
21769 µs
